<?xml version="1.0" encoding="UTF-8"?>
<!-- Generated by org.testng.reporters.JUnitXMLReporter -->
<testsuite ignored="6" hostname="DESKTOP-MQ5QUGD" failures="0" tests="1" name="TC_LF_001" time="3.118" errors="0" timestamp="2023-06-27T22:43:54 CEST">
  <testcase classname="testCases.TS_002_Login_Functionality" name="TC_LF_001" time="2.054"/>
  <testcase classname="testCases.TS_002_Login_Functionality" name="TC_LF_007" time="0.0">
    <ignored/>
  </testcase> <!-- TC_LF_007 -->
  <testcase classname="testCases.TS_002_Login_Functionality" name="TC_LF_005" time="0.0">
    <ignored/>
  </testcase> <!-- TC_LF_005 -->
  <testcase classname="testCases.TS_002_Login_Functionality" name="TC_LF_006" time="0.0">
    <ignored/>
  </testcase> <!-- TC_LF_006 -->
  <testcase classname="testCases.TS_002_Login_Functionality" name="TC_LF_003" time="0.0">
    <ignored/>
  </testcase> <!-- TC_LF_003 -->
  <testcase classname="testCases.TS_002_Login_Functionality" name="TC_LF_004" time="0.0">
    <ignored/>
  </testcase> <!-- TC_LF_004 -->
  <testcase classname="testCases.TS_002_Login_Functionality" name="TC_LF_002" time="0.0">
    <ignored/>
  </testcase> <!-- TC_LF_002 -->
</testsuite> <!-- TC_LF_001 -->
