<?xml version="1.0" encoding="UTF-8"?>
<!-- Generated by org.testng.reporters.JUnitXMLReporter -->
<testsuite ignored="8" hostname="DESKTOP-MQ5QUGD" failures="0" tests="2" name="TC_RF_010" time="7.835" errors="0" timestamp="2023-04-21T13:32:52 CEST">
  <testcase classname="testCases.BaseClass" name="@AfterTest tearDown" time="0.205">
    <failure type="java.lang.AssertionError" message="The following asserts failed:
	expected [true] but found [false]">
      <![CDATA[java.lang.AssertionError: The following asserts failed:
expected [true] but found [false]
at testCases.BaseClass.tearDown(BaseClass.java:123)
... Removed 26 stack frames]]>
    </failure>
  </testcase> <!-- @AfterTest tearDown -->
  <testcase classname="testCases.TS_001_Register_Functionality" name="TC_RF_008" time="3.158"/>
  <testcase classname="testCases.TS_001_Register_Functionality" name="TC_RF_008" time="1.703"/>
  <testcase classname="testCases.TS_001_Register_Functionality" name="TC_RF_001" time="0.0">
    <ignored/>
  </testcase> <!-- TC_RF_001 -->
  <testcase classname="testCases.TS_001_Register_Functionality" name="TC_RF_002" time="0.0">
    <ignored/>
  </testcase> <!-- TC_RF_002 -->
  <testcase classname="testCases.TS_001_Register_Functionality" name="TC_RF_003" time="0.0">
    <ignored/>
  </testcase> <!-- TC_RF_003 -->
  <testcase classname="testCases.TS_001_Register_Functionality" name="TC_RF_009" time="0.0">
    <ignored/>
  </testcase> <!-- TC_RF_009 -->
  <testcase classname="testCases.TS_001_Register_Functionality" name="TC_RF_004" time="0.0">
    <ignored/>
  </testcase> <!-- TC_RF_004 -->
  <testcase classname="testCases.TS_001_Register_Functionality" name="TC_RF_005" time="0.0">
    <ignored/>
  </testcase> <!-- TC_RF_005 -->
  <testcase classname="testCases.TS_001_Register_Functionality" name="TC_RF_006" time="0.0">
    <ignored/>
  </testcase> <!-- TC_RF_006 -->
  <testcase classname="testCases.TS_001_Register_Functionality" name="TC_RF_007" time="0.0">
    <ignored/>
  </testcase> <!-- TC_RF_007 -->
</testsuite> <!-- TC_RF_010 -->
