<?xml version="1.0" encoding="UTF-8"?>
<!-- Generated by org.testng.reporters.JUnitXMLReporter -->
<testsuite ignored="8" hostname="DESKTOP-MQ5QUGD" failures="0" tests="1" name="TC_RF_001" time="7.599" errors="0" timestamp="2023-04-08T18:37:37 CEST">
  <testcase classname="testCases.RegisterTest" name="TC_RF_001" time="3.034"/>
  <testcase classname="testCases.RegisterTest" name="TC_RF_009" time="0.0">
    <ignored/>
  </testcase> <!-- TC_RF_009 -->
  <testcase classname="testCases.RegisterTest" name="TC_RF_004" time="0.0">
    <ignored/>
  </testcase> <!-- TC_RF_004 -->
  <testcase classname="testCases.RegisterTest" name="TC_RF_005" time="0.0">
    <ignored/>
  </testcase> <!-- TC_RF_005 -->
  <testcase classname="testCases.RegisterTest" name="TC_RF_006" time="0.0">
    <ignored/>
  </testcase> <!-- TC_RF_006 -->
  <testcase classname="testCases.RegisterTest" name="TC_RF_010" time="0.0">
    <ignored/>
  </testcase> <!-- TC_RF_010 -->
  <testcase classname="testCases.RegisterTest" name="TC_RF_002" time="0.0">
    <ignored/>
  </testcase> <!-- TC_RF_002 -->
  <testcase classname="testCases.RegisterTest" name="TC_RF_007" time="0.0">
    <ignored/>
  </testcase> <!-- TC_RF_007 -->
  <testcase classname="testCases.RegisterTest" name="TC_RF_008" time="0.0">
    <ignored/>
  </testcase> <!-- TC_RF_008 -->
</testsuite> <!-- TC_RF_001 -->
