<?xml version="1.0" encoding="UTF-8"?>
<!-- Generated by org.testng.reporters.JUnitXMLReporter -->
<testsuite ignored="8" hostname="DESKTOP-MQ5QUGD" failures="0" tests="1" name="TC_RF_006" time="4.085" errors="0" timestamp="2023-04-30T19:54:22 CEST">
  <testcase classname="testCases.TS_001_Register_Functionality" name="TC_RF_006" time="2.813"/>
  <testcase classname="testCases.TS_001_Register_Functionality" name="TC_RF_001" time="0.0">
    <ignored/>
  </testcase> <!-- TC_RF_001 -->
  <testcase classname="testCases.TS_001_Register_Functionality" name="TC_RF_002" time="0.0">
    <ignored/>
  </testcase> <!-- TC_RF_002 -->
  <testcase classname="testCases.TS_001_Register_Functionality" name="TC_RF_003" time="0.0">
    <ignored/>
  </testcase> <!-- TC_RF_003 -->
  <testcase classname="testCases.TS_001_Register_Functionality" name="TC_RF_004" time="0.0">
    <ignored/>
  </testcase> <!-- TC_RF_004 -->
  <testcase classname="testCases.TS_001_Register_Functionality" name="TC_RF_005" time="0.0">
    <ignored/>
  </testcase> <!-- TC_RF_005 -->
  <testcase classname="testCases.TS_001_Register_Functionality" name="TC_RF_007" time="0.0">
    <ignored/>
  </testcase> <!-- TC_RF_007 -->
  <testcase classname="testCases.TS_001_Register_Functionality" name="TC_RF_008" time="0.0">
    <ignored/>
  </testcase> <!-- TC_RF_008 -->
  <testcase classname="testCases.TS_001_Register_Functionality" name="TC_RF_009" time="0.0">
    <ignored/>
  </testcase> <!-- TC_RF_009 -->
</testsuite> <!-- TC_RF_006 -->
