<?xml version="1.0" encoding="UTF-8"?>
<!-- Generated by org.testng.reporters.JUnitXMLReporter -->
<testsuite ignored="5" hostname="DESKTOP-MQ5QUGD" failures="0" tests="1" name="TC_RF_007" time="6.469" errors="0" timestamp="2023-04-08T15:31:16 CEST">
  <testcase classname="testCases.RegisterTest" name="TC_RF_007" time="3.662"/>
  <testcase classname="testCases.RegisterTest" name="TC_RF_005" time="0.0">
    <ignored/>
  </testcase> <!-- TC_RF_005 -->
  <testcase classname="testCases.RegisterTest" name="TC_RF_002" time="0.0">
    <ignored/>
  </testcase> <!-- TC_RF_002 -->
  <testcase classname="testCases.RegisterTest" name="TC_RF_004" time="0.0">
    <ignored/>
  </testcase> <!-- TC_RF_004 -->
  <testcase classname="testCases.RegisterTest" name="TC_RF_006" time="0.0">
    <ignored/>
  </testcase> <!-- TC_RF_006 -->
  <testcase classname="testCases.RegisterTest" name="TC_RF_001" time="0.0">
    <ignored/>
  </testcase> <!-- TC_RF_001 -->
</testsuite> <!-- TC_RF_007 -->
