<?xml version="1.0" encoding="UTF-8"?>
<!-- Generated by org.testng.reporters.JUnitXMLReporter -->
<testsuite ignored="0" hostname="DESKTOP-MQ5QUGD" failures="1" tests="2" name="Test2" time="6.498" errors="0" timestamp="2023-03-31T23:35:04 CEST">
  <testcase classname="testCases.LoginTest" name="login" time="3.023">
    <failure type="org.openqa.selenium.TimeoutException" message="timeout: Timed out receiving message from renderer: 0.868
  (Session info: chrome=111.0.5563.147)
Build info: version: &amp;apos;4.4.0&amp;apos;, revision: &amp;apos;e5c75ed026a&amp;apos;
System info: host: &amp;apos;DESKTOP-MQ5QUGD&amp;apos;, ip: &amp;apos;192.168.0.23&amp;apos;, os.name: &amp;apos;Windows 10&amp;apos;, os.arch: &amp;apos;amd64&amp;apos;, os.version: &amp;apos;10.0&amp;apos;, java.version: &amp;apos;16.0.2&amp;apos;
Driver info: org.openqa.selenium.chrome.ChromeDriver
Command: [7571ce739825368a64ca895ce3432d60, get {url=https://demo.nopcommerce.com/}]
Capabilities {acceptInsecureCerts: false, browserName: chrome, browserVersion: 111.0.5563.147, chrome: {chromedriverVersion: 111.0.5563.64 (c710e93d5b63..., userDataDir: C:\Users\janko\AppData\Loca...}, goog:chromeOptions: {debuggerAddress: localhost:64859}, networkConnectionEnabled: false, pageLoadStrategy: normal, platformName: WINDOWS, proxy: Proxy(), se:cdp: ws://localhost:64859/devtoo..., se:cdpVersion: 111.0.5563.147, setWindowRect: true, strictFileInteractability: false, timeouts: {implicit: 0, pageLoad: 300000, script: 30000}, unhandledPromptBehavior: dismiss and notify, webauthn:extension:credBlob: true, webauthn:extension:largeBlob: true, webauthn:extension:minPinLength: true, webauthn:extension:prf: true, webauthn:virtualAuthenticators: true}
Session ID: 7571ce739825368a64ca895ce3432d60">
      <![CDATA[org.openqa.selenium.TimeoutException: timeout: Timed out receiving message from renderer: 0.868
  (Session info: chrome=111.0.5563.147)
Build info: version: '4.4.0', revision: 'e5c75ed026a'
System info: host: 'DESKTOP-MQ5QUGD', ip: '192.168.0.23', os.name: 'Windows 10', os.arch: 'amd64', os.version: '10.0', java.version: '16.0.2'
Driver info: org.openqa.selenium.chrome.ChromeDriver
Command: [7571ce739825368a64ca895ce3432d60, get {url=https://demo.nopcommerce.com/}]
Capabilities {acceptInsecureCerts: false, browserName: chrome, browserVersion: 111.0.5563.147, chrome: {chromedriverVersion: 111.0.5563.64 (c710e93d5b63..., userDataDir: C:\Users\janko\AppData\Loca...}, goog:chromeOptions: {debuggerAddress: localhost:64859}, networkConnectionEnabled: false, pageLoadStrategy: normal, platformName: WINDOWS, proxy: Proxy(), se:cdp: ws://localhost:64859/devtoo..., se:cdpVersion: 111.0.5563.147, setWindowRect: true, strictFileInteractability: false, timeouts: {implicit: 0, pageLoad: 300000, script: 30000}, unhandledPromptBehavior: dismiss and notify, webauthn:extension:credBlob: true, webauthn:extension:largeBlob: true, webauthn:extension:minPinLength: true, webauthn:extension:prf: true, webauthn:virtualAuthenticators: true}
Session ID: 7571ce739825368a64ca895ce3432d60
at org.openqa.selenium.remote.codec.w3c.W3CHttpResponseCodec.createException(W3CHttpResponseCodec.java:200)
at org.openqa.selenium.remote.codec.w3c.W3CHttpResponseCodec.decode(W3CHttpResponseCodec.java:133)
at org.openqa.selenium.remote.codec.w3c.W3CHttpResponseCodec.decode(W3CHttpResponseCodec.java:53)
at org.openqa.selenium.remote.HttpCommandExecutor.execute(HttpCommandExecutor.java:184)
at org.openqa.selenium.remote.service.DriverCommandExecutor.invokeExecute(DriverCommandExecutor.java:167)
at org.openqa.selenium.remote.service.DriverCommandExecutor.execute(DriverCommandExecutor.java:142)
at org.openqa.selenium.remote.RemoteWebDriver.execute(RemoteWebDriver.java:547)
at org.openqa.selenium.remote.RemoteWebDriver.get(RemoteWebDriver.java:310)
at testCases.LoginTest.login(LoginTest.java:18)
at java.base/java.util.ArrayList.forEach(ArrayList.java:1511)
... Removed 32 stack frames]]>
    </failure>
  </testcase> <!-- login -->
  <testcase classname="testCases.LoginTest" name="login" time="2.292"/>
</testsuite> <!-- Test2 -->
