<?xml version="1.0" encoding="UTF-8"?>
<!-- Generated by org.testng.reporters.JUnitXMLReporter -->
<testsuite ignored="4" hostname="DESKTOP-MQ5QUGD" failures="0" tests="4" name="Test1" time="24.182" errors="0" timestamp="2023-04-01T18:17:14 CEST">
  <testcase classname="testCases.RegisterTest" name="register" time="7.594"/>
  <testcase classname="testCases.RegisterTest" name="register" time="5.27"/>
  <testcase classname="testCases.LoginTest" name="login" time="5.14"/>
  <testcase classname="testCases.LoginTest" name="login" time="2.464"/>
  <testcase classname="testCases.BaseClass" name="@BeforeSuite initialiseExtentreports" time="0.0">
    <ignored/>
  </testcase> <!-- @BeforeSuite initialiseExtentreports -->
  <testcase classname="testCases.BaseClass" name="@AfterSuite generateExtentReports" time="0.0">
    <ignored/>
  </testcase> <!-- @AfterSuite generateExtentReports -->
  <testcase classname="testCases.BaseClass" name="@AfterTest tearDown" time="0.0">
    <ignored/>
  </testcase> <!-- @AfterTest tearDown -->
  <testcase classname="testCases.BaseClass" name="@BeforeTest setup" time="0.0">
    <ignored/>
  </testcase> <!-- @BeforeTest setup -->
</testsuite> <!-- Test1 -->
