<?xml version="1.0" encoding="UTF-8"?>
<!-- Generated by org.testng.reporters.JUnitXMLReporter -->
<testsuite ignored="0" hostname="DESKTOP-MQ5QUGD" failures="3" tests="4" name="Test1" time="6.801" errors="0" timestamp="2023-04-08T15:02:48 CEST">
  <testcase classname="testCases.RegisterTest" name="TC_RF_001" time="3.568"/>
  <testcase classname="testCases.RegisterTest" name="TC_RF_002" time="0.06">
    <failure type="org.testng.internal.reflect.MethodMatcherException" message="
[public void testCases.RegisterTest.TC_RF_002(java.lang.String,java.lang.String)] has no parameters defined but was found to be using a data provider (either explicitly specified or inherited from class level annotation).
Data provider mismatch
Method: TC_RF_002([java.lang.String arg0, java.lang.String arg1])
Arguments: [(java.lang.String) John,(java.lang.String) Smith,(java.lang.String) johns@gmail.com,(java.lang.String) johnsmith,(java.lang.String) johnsmith]">
      <![CDATA[org.testng.internal.reflect.MethodMatcherException: 
[public void testCases.RegisterTest.TC_RF_002(java.lang.String,java.lang.String)] has no parameters defined but was found to be using a data provider (either explicitly specified or inherited from class level annotation).
Data provider mismatch
Method: TC_RF_002([java.lang.String arg0, java.lang.String arg1])
Arguments: [(java.lang.String) John,(java.lang.String) Smith,(java.lang.String) johns@gmail.com,(java.lang.String) johnsmith,(java.lang.String) johnsmith]
at java.base/java.util.ArrayList.forEach(ArrayList.java:1511)
... Removed 22 stack frames]]>
    </failure>
  </testcase> <!-- TC_RF_002 -->
  <testcase classname="testCases.RegisterTest" name="TC_RF_004" time="0.0">
    <failure type="java.lang.RuntimeException" message="java.lang.NullPointerException: Cannot invoke &amp;quot;org.apache.poi.ss.usermodel.Sheet.getLastRowNum()&amp;quot; because &amp;quot;sheetName&amp;quot; is null">
      <![CDATA[java.lang.RuntimeException: java.lang.NullPointerException: Cannot invoke "org.apache.poi.ss.usermodel.Sheet.getLastRowNum()" because "sheetName" is null
at java.base/java.util.ArrayList.forEach(ArrayList.java:1511)
Caused by: java.lang.NullPointerException: Cannot invoke "org.apache.poi.ss.usermodel.Sheet.getLastRowNum()" because "sheetName" is null
at utilities.ReadXLSdata.getData(ReadXLSdata.java:27)
... 25 more
... Removed 32 stack frames]]>
    </failure>
  </testcase> <!-- TC_RF_004 -->
  <testcase classname="testCases.RegisterTest" name="TC_RF_005" time="0.0">
    <failure type="java.lang.RuntimeException" message="java.lang.NullPointerException: Cannot invoke &amp;quot;org.apache.poi.ss.usermodel.Row.getLastCellNum()&amp;quot; because &amp;quot;rowCells&amp;quot; is null">
      <![CDATA[java.lang.RuntimeException: java.lang.NullPointerException: Cannot invoke "org.apache.poi.ss.usermodel.Row.getLastCellNum()" because "rowCells" is null
at java.base/java.util.ArrayList.forEach(ArrayList.java:1511)
Caused by: java.lang.NullPointerException: Cannot invoke "org.apache.poi.ss.usermodel.Row.getLastCellNum()" because "rowCells" is null
at utilities.ReadXLSdata.getData(ReadXLSdata.java:29)
... 25 more
... Removed 32 stack frames]]>
    </failure>
  </testcase> <!-- TC_RF_005 -->
</testsuite> <!-- Test1 -->
