<?xml version="1.0" encoding="UTF-8"?>
<testng-results ignored="114" total="132" passed="16" failed="2" skipped="0">
  <reporter-output>
  </reporter-output>
  <suite started-at="2023-04-30T19:53:54 CEST" name="NopCommerceV1" finished-at="2023-04-30T19:55:08 CEST" duration-ms="74566">
    <groups>
    </groups>
    <test started-at="2023-04-30T19:53:54 CEST" name="TC_RF_001" finished-at="2023-04-30T19:54:00 CEST" duration-ms="6719">
      <class name="testCases.TS_001_Register_Functionality">
        <test-method is-config="true" signature="setup(org.testng.ITestContext,java.lang.String)[pri:0, instance:testCases.TS_001_Register_Functionality@8519cb4]" started-at="2023-04-30T19:53:54 CEST" name="setup" finished-at="2023-04-30T19:53:56 CEST" duration-ms="2156" status="PASS">
          <params>
            <param index="0">
              <value>
                <![CDATA[org.testng.TestRunner@53ce27fa]]>
              </value>
            </param>
            <param index="1">
              <value>
                <![CDATA[chrome]]>
              </value>
            </param>
          </params>
          <reporter-output>
          </reporter-output>
        </test-method> <!-- setup -->
        <test-method signature="TC_RF_001(java.lang.String,java.lang.String,java.lang.String,java.lang.String,java.lang.String)[pri:0, instance:testCases.TS_001_Register_Functionality@8519cb4]" started-at="2023-04-30T19:53:57 CEST" name="TC_RF_001" data-provider="testdata" finished-at="2023-04-30T19:54:00 CEST" duration-ms="3771" status="PASS">
          <params>
            <param index="0">
              <value>
                <![CDATA[Jason]]>
              </value>
            </param>
            <param index="1">
              <value>
                <![CDATA[Bourne]]>
              </value>
            </param>
            <param index="2">
              <value>
                <![CDATA[jasonb@gmail.com]]>
              </value>
            </param>
            <param index="3">
              <value>
                <![CDATA[jasonb]]>
              </value>
            </param>
            <param index="4">
              <value>
                <![CDATA[jasonb]]>
              </value>
            </param>
          </params>
          <reporter-output>
          </reporter-output>
        </test-method> <!-- TC_RF_001 -->
        <test-method is-config="true" signature="check(org.testng.ITestResult)[pri:0, instance:testCases.TS_001_Register_Functionality@8519cb4]" started-at="2023-04-30T19:54:00 CEST" name="check" finished-at="2023-04-30T19:54:00 CEST" duration-ms="11" status="PASS">
          <params>
            <param index="0">
              <value>
                <![CDATA[[TestResult name=TC_RF_001 status=SUCCESS method=TS_001_Register_Functionality.TC_RF_001(java.lang.String,java.lang.String,java.lang.String,java.lang.String,java.lang.String)[pri:0, instance:testCases.TS_001_Register_Functionality@8519cb4] output={null}]]]>
              </value>
            </param>
          </params>
          <reporter-output>
          </reporter-output>
        </test-method> <!-- check -->
        <test-method is-config="true" signature="tearDown()[pri:0, instance:testCases.TS_001_Register_Functionality@8519cb4]" started-at="2023-04-30T19:54:00 CEST" name="tearDown" finished-at="2023-04-30T19:54:00 CEST" duration-ms="126" status="PASS">
          <reporter-output>
          </reporter-output>
        </test-method> <!-- tearDown -->
      </class> <!-- testCases.TS_001_Register_Functionality -->
    </test> <!-- TC_RF_001 -->
    <test started-at="2023-04-30T19:54:00 CEST" name="TC_RF_002" finished-at="2023-04-30T19:54:07 CEST" duration-ms="6112">
      <class name="testCases.TS_001_Register_Functionality">
        <test-method is-config="true" signature="setup(org.testng.ITestContext,java.lang.String)[pri:0, instance:testCases.TS_001_Register_Functionality@2b30a42c]" started-at="2023-04-30T19:54:00 CEST" name="setup" finished-at="2023-04-30T19:54:01 CEST" duration-ms="933" status="PASS">
          <params>
            <param index="0">
              <value>
                <![CDATA[org.testng.TestRunner@7ceb7a60]]>
              </value>
            </param>
            <param index="1">
              <value>
                <![CDATA[chrome]]>
              </value>
            </param>
          </params>
          <reporter-output>
          </reporter-output>
        </test-method> <!-- setup -->
        <test-method signature="TC_RF_002(java.lang.String,java.lang.String,java.lang.String,java.lang.String,java.lang.String)[pri:0, instance:testCases.TS_001_Register_Functionality@2b30a42c]" started-at="2023-04-30T19:54:02 CEST" name="TC_RF_002" data-provider="testdata" finished-at="2023-04-30T19:54:06 CEST" duration-ms="4914" status="PASS">
          <params>
            <param index="0">
              <value>
                <![CDATA[John]]>
              </value>
            </param>
            <param index="1">
              <value>
                <![CDATA[Smith]]>
              </value>
            </param>
            <param index="2">
              <value>
                <![CDATA[johns@gmail.com]]>
              </value>
            </param>
            <param index="3">
              <value>
                <![CDATA[johnsmith]]>
              </value>
            </param>
            <param index="4">
              <value>
                <![CDATA[johnsmith]]>
              </value>
            </param>
          </params>
          <reporter-output>
          </reporter-output>
        </test-method> <!-- TC_RF_002 -->
        <test-method is-config="true" signature="check(org.testng.ITestResult)[pri:0, instance:testCases.TS_001_Register_Functionality@2b30a42c]" started-at="2023-04-30T19:54:06 CEST" name="check" finished-at="2023-04-30T19:54:06 CEST" duration-ms="1" status="PASS">
          <params>
            <param index="0">
              <value>
                <![CDATA[[TestResult name=TC_RF_002 status=SUCCESS method=TS_001_Register_Functionality.TC_RF_002(java.lang.String,java.lang.String,java.lang.String,java.lang.String,java.lang.String)[pri:0, instance:testCases.TS_001_Register_Functionality@2b30a42c] output={null}]]]>
              </value>
            </param>
          </params>
          <reporter-output>
          </reporter-output>
        </test-method> <!-- check -->
        <test-method is-config="true" signature="tearDown()[pri:0, instance:testCases.TS_001_Register_Functionality@2b30a42c]" started-at="2023-04-30T19:54:06 CEST" name="tearDown" finished-at="2023-04-30T19:54:07 CEST" duration-ms="155" status="PASS">
          <reporter-output>
          </reporter-output>
        </test-method> <!-- tearDown -->
      </class> <!-- testCases.TS_001_Register_Functionality -->
    </test> <!-- TC_RF_002 -->
    <test started-at="2023-04-30T19:54:07 CEST" name="TC_RF_003" finished-at="2023-04-30T19:54:10 CEST" duration-ms="3138">
      <class name="testCases.TS_001_Register_Functionality">
        <test-method is-config="true" signature="setup(org.testng.ITestContext,java.lang.String)[pri:0, instance:testCases.TS_001_Register_Functionality@792b749c]" started-at="2023-04-30T19:54:07 CEST" name="setup" finished-at="2023-04-30T19:54:08 CEST" duration-ms="976" status="PASS">
          <params>
            <param index="0">
              <value>
                <![CDATA[org.testng.TestRunner@1ab780fd]]>
              </value>
            </param>
            <param index="1">
              <value>
                <![CDATA[chrome]]>
              </value>
            </param>
          </params>
          <reporter-output>
          </reporter-output>
        </test-method> <!-- setup -->
        <test-method signature="TC_RF_003()[pri:0, instance:testCases.TS_001_Register_Functionality@792b749c]" started-at="2023-04-30T19:54:08 CEST" name="TC_RF_003" finished-at="2023-04-30T19:54:10 CEST" duration-ms="2002" status="PASS">
          <reporter-output>
          </reporter-output>
        </test-method> <!-- TC_RF_003 -->
        <test-method is-config="true" signature="check(org.testng.ITestResult)[pri:0, instance:testCases.TS_001_Register_Functionality@792b749c]" started-at="2023-04-30T19:54:10 CEST" name="check" finished-at="2023-04-30T19:54:10 CEST" duration-ms="1" status="PASS">
          <params>
            <param index="0">
              <value>
                <![CDATA[[TestResult name=TC_RF_003 status=SUCCESS method=TS_001_Register_Functionality.TC_RF_003()[pri:0, instance:testCases.TS_001_Register_Functionality@792b749c] output={null}]]]>
              </value>
            </param>
          </params>
          <reporter-output>
          </reporter-output>
        </test-method> <!-- check -->
        <test-method is-config="true" signature="tearDown()[pri:0, instance:testCases.TS_001_Register_Functionality@792b749c]" started-at="2023-04-30T19:54:10 CEST" name="tearDown" finished-at="2023-04-30T19:54:10 CEST" duration-ms="156" status="PASS">
          <reporter-output>
          </reporter-output>
        </test-method> <!-- tearDown -->
      </class> <!-- testCases.TS_001_Register_Functionality -->
    </test> <!-- TC_RF_003 -->
    <test started-at="2023-04-30T19:54:10 CEST" name="TC_RF_004" finished-at="2023-04-30T19:54:13 CEST" duration-ms="3035">
      <class name="testCases.TS_001_Register_Functionality">
        <test-method is-config="true" signature="setup(org.testng.ITestContext,java.lang.String)[pri:0, instance:testCases.TS_001_Register_Functionality@305ffe9e]" started-at="2023-04-30T19:54:10 CEST" name="setup" finished-at="2023-04-30T19:54:11 CEST" duration-ms="939" status="PASS">
          <params>
            <param index="0">
              <value>
                <![CDATA[org.testng.TestRunner@6b8683b8]]>
              </value>
            </param>
            <param index="1">
              <value>
                <![CDATA[chrome]]>
              </value>
            </param>
          </params>
          <reporter-output>
          </reporter-output>
        </test-method> <!-- setup -->
        <test-method signature="TC_RF_004(java.lang.String,java.lang.String,java.lang.String,java.lang.String,java.lang.String)[pri:0, instance:testCases.TS_001_Register_Functionality@305ffe9e]" started-at="2023-04-30T19:54:11 CEST" name="TC_RF_004" data-provider="testdata" finished-at="2023-04-30T19:54:13 CEST" duration-ms="1845" status="PASS">
          <params>
            <param index="0">
              <value>
                <![CDATA[Jason]]>
              </value>
            </param>
            <param index="1">
              <value>
                <![CDATA[Bourne]]>
              </value>
            </param>
            <param index="2">
              <value>
                <![CDATA[jasonb4@gmail.com]]>
              </value>
            </param>
            <param index="3">
              <value>
                <![CDATA[jasonb]]>
              </value>
            </param>
            <param index="4">
              <value>
                <![CDATA[jasonb5]]>
              </value>
            </param>
          </params>
          <reporter-output>
          </reporter-output>
        </test-method> <!-- TC_RF_004 -->
        <test-method is-config="true" signature="check(org.testng.ITestResult)[pri:0, instance:testCases.TS_001_Register_Functionality@305ffe9e]" started-at="2023-04-30T19:54:13 CEST" name="check" finished-at="2023-04-30T19:54:13 CEST" duration-ms="1" status="PASS">
          <params>
            <param index="0">
              <value>
                <![CDATA[[TestResult name=TC_RF_004 status=SUCCESS method=TS_001_Register_Functionality.TC_RF_004(java.lang.String,java.lang.String,java.lang.String,java.lang.String,java.lang.String)[pri:0, instance:testCases.TS_001_Register_Functionality@305ffe9e] output={null}]]]>
              </value>
            </param>
          </params>
          <reporter-output>
          </reporter-output>
        </test-method> <!-- check -->
        <test-method is-config="true" signature="tearDown()[pri:0, instance:testCases.TS_001_Register_Functionality@305ffe9e]" started-at="2023-04-30T19:54:13 CEST" name="tearDown" finished-at="2023-04-30T19:54:13 CEST" duration-ms="184" status="PASS">
          <reporter-output>
          </reporter-output>
        </test-method> <!-- tearDown -->
      </class> <!-- testCases.TS_001_Register_Functionality -->
    </test> <!-- TC_RF_004 -->
    <test started-at="2023-04-30T19:54:13 CEST" name="TC_RF_005" finished-at="2023-04-30T19:54:18 CEST" duration-ms="5025">
      <class name="testCases.TS_001_Register_Functionality">
        <test-method is-config="true" signature="setup(org.testng.ITestContext,java.lang.String)[pri:0, instance:testCases.TS_001_Register_Functionality@61c4eee0]" started-at="2023-04-30T19:54:13 CEST" name="setup" finished-at="2023-04-30T19:54:14 CEST" duration-ms="956" status="PASS">
          <params>
            <param index="0">
              <value>
                <![CDATA[org.testng.TestRunner@495598c5]]>
              </value>
            </param>
            <param index="1">
              <value>
                <![CDATA[chrome]]>
              </value>
            </param>
          </params>
          <reporter-output>
          </reporter-output>
        </test-method> <!-- setup -->
        <test-method signature="TC_RF_005(java.lang.String,java.lang.String,java.lang.String,java.lang.String,java.lang.String)[pri:0, instance:testCases.TS_001_Register_Functionality@61c4eee0]" started-at="2023-04-30T19:54:14 CEST" name="TC_RF_005" data-provider="testdata" finished-at="2023-04-30T19:54:18 CEST" duration-ms="3821" status="PASS">
          <params>
            <param index="0">
              <value>
                <![CDATA[Jason]]>
              </value>
            </param>
            <param index="1">
              <value>
                <![CDATA[Bourne]]>
              </value>
            </param>
            <param index="2">
              <value>
                <![CDATA[jasonb54@gmail.com]]>
              </value>
            </param>
            <param index="3">
              <value>
                <![CDATA[jasonb]]>
              </value>
            </param>
            <param index="4">
              <value>
                <![CDATA[]]>
              </value>
            </param>
          </params>
          <reporter-output>
          </reporter-output>
        </test-method> <!-- TC_RF_005 -->
        <test-method is-config="true" signature="check(org.testng.ITestResult)[pri:0, instance:testCases.TS_001_Register_Functionality@61c4eee0]" started-at="2023-04-30T19:54:18 CEST" name="check" finished-at="2023-04-30T19:54:18 CEST" duration-ms="1" status="PASS">
          <params>
            <param index="0">
              <value>
                <![CDATA[[TestResult name=TC_RF_005 status=SUCCESS method=TS_001_Register_Functionality.TC_RF_005(java.lang.String,java.lang.String,java.lang.String,java.lang.String,java.lang.String)[pri:0, instance:testCases.TS_001_Register_Functionality@61c4eee0] output={null}]]]>
              </value>
            </param>
          </params>
          <reporter-output>
          </reporter-output>
        </test-method> <!-- check -->
        <test-method is-config="true" signature="tearDown()[pri:0, instance:testCases.TS_001_Register_Functionality@61c4eee0]" started-at="2023-04-30T19:54:18 CEST" name="tearDown" finished-at="2023-04-30T19:54:18 CEST" duration-ms="181" status="PASS">
          <reporter-output>
          </reporter-output>
        </test-method> <!-- tearDown -->
      </class> <!-- testCases.TS_001_Register_Functionality -->
    </test> <!-- TC_RF_005 -->
    <test started-at="2023-04-30T19:54:18 CEST" name="TC_RF_006" finished-at="2023-04-30T19:54:22 CEST" duration-ms="4085">
      <class name="testCases.TS_001_Register_Functionality">
        <test-method is-config="true" signature="setup(org.testng.ITestContext,java.lang.String)[pri:0, instance:testCases.TS_001_Register_Functionality@2a693f59]" started-at="2023-04-30T19:54:18 CEST" name="setup" finished-at="2023-04-30T19:54:19 CEST" duration-ms="1016" status="PASS">
          <params>
            <param index="0">
              <value>
                <![CDATA[org.testng.TestRunner@6e4ac3f5]]>
              </value>
            </param>
            <param index="1">
              <value>
                <![CDATA[chrome]]>
              </value>
            </param>
          </params>
          <reporter-output>
          </reporter-output>
        </test-method> <!-- setup -->
        <test-method signature="TC_RF_006(java.lang.String,java.lang.String,java.lang.String,java.lang.String,java.lang.String)[pri:0, instance:testCases.TS_001_Register_Functionality@2a693f59]" started-at="2023-04-30T19:54:19 CEST" name="TC_RF_006" data-provider="testdata" finished-at="2023-04-30T19:54:22 CEST" duration-ms="2813" status="PASS">
          <params>
            <param index="0">
              <value>
                <![CDATA[Jason]]>
              </value>
            </param>
            <param index="1">
              <value>
                <![CDATA[Bourne]]>
              </value>
            </param>
            <param index="2">
              <value>
                <![CDATA[jasonb@gmail.com]]>
              </value>
            </param>
            <param index="3">
              <value>
                <![CDATA[jasonb]]>
              </value>
            </param>
            <param index="4">
              <value>
                <![CDATA[jasonb]]>
              </value>
            </param>
          </params>
          <reporter-output>
          </reporter-output>
        </test-method> <!-- TC_RF_006 -->
        <test-method is-config="true" signature="check(org.testng.ITestResult)[pri:0, instance:testCases.TS_001_Register_Functionality@2a693f59]" started-at="2023-04-30T19:54:22 CEST" name="check" finished-at="2023-04-30T19:54:22 CEST" duration-ms="3" status="PASS">
          <params>
            <param index="0">
              <value>
                <![CDATA[[TestResult name=TC_RF_006 status=SUCCESS method=TS_001_Register_Functionality.TC_RF_006(java.lang.String,java.lang.String,java.lang.String,java.lang.String,java.lang.String)[pri:0, instance:testCases.TS_001_Register_Functionality@2a693f59] output={null}]]]>
              </value>
            </param>
          </params>
          <reporter-output>
          </reporter-output>
        </test-method> <!-- check -->
        <test-method is-config="true" signature="tearDown()[pri:0, instance:testCases.TS_001_Register_Functionality@2a693f59]" started-at="2023-04-30T19:54:22 CEST" name="tearDown" finished-at="2023-04-30T19:54:22 CEST" duration-ms="182" status="PASS">
          <reporter-output>
          </reporter-output>
        </test-method> <!-- tearDown -->
      </class> <!-- testCases.TS_001_Register_Functionality -->
    </test> <!-- TC_RF_006 -->
    <test started-at="2023-04-30T19:54:22 CEST" name="TC_RF_007" finished-at="2023-04-30T19:54:31 CEST" duration-ms="9084">
      <class name="testCases.TS_001_Register_Functionality">
        <test-method is-config="true" signature="setup(org.testng.ITestContext,java.lang.String)[pri:0, instance:testCases.TS_001_Register_Functionality@723ca036]" started-at="2023-04-30T19:54:22 CEST" name="setup" finished-at="2023-04-30T19:54:23 CEST" duration-ms="977" status="PASS">
          <params>
            <param index="0">
              <value>
                <![CDATA[org.testng.TestRunner@48dc06a9]]>
              </value>
            </param>
            <param index="1">
              <value>
                <![CDATA[chrome]]>
              </value>
            </param>
          </params>
          <reporter-output>
          </reporter-output>
        </test-method> <!-- setup -->
        <test-method signature="TC_RF_007(java.lang.String,java.lang.String,java.lang.String,java.lang.String,java.lang.String)[pri:0, instance:testCases.TS_001_Register_Functionality@723ca036]" started-at="2023-04-30T19:54:23 CEST" name="TC_RF_007" data-provider="testdata" finished-at="2023-04-30T19:54:25 CEST" duration-ms="1721" status="PASS">
          <params>
            <param index="0">
              <value>
                <![CDATA[Jason]]>
              </value>
            </param>
            <param index="1">
              <value>
                <![CDATA[Bourne]]>
              </value>
            </param>
            <param index="2">
              <value>
                <![CDATA[jasonb7]]>
              </value>
            </param>
            <param index="3">
              <value>
                <![CDATA[jasonb]]>
              </value>
            </param>
            <param index="4">
              <value>
                <![CDATA[jasonb]]>
              </value>
            </param>
          </params>
          <reporter-output>
          </reporter-output>
        </test-method> <!-- TC_RF_007 -->
        <test-method is-config="true" signature="check(org.testng.ITestResult)[pri:0, instance:testCases.TS_001_Register_Functionality@723ca036]" started-at="2023-04-30T19:54:25 CEST" name="check" finished-at="2023-04-30T19:54:25 CEST" duration-ms="1" status="PASS">
          <params>
            <param index="0">
              <value>
                <![CDATA[[TestResult name=TC_RF_007 status=SUCCESS method=TS_001_Register_Functionality.TC_RF_007(java.lang.String,java.lang.String,java.lang.String,java.lang.String,java.lang.String)[pri:0, instance:testCases.TS_001_Register_Functionality@723ca036] output={null}]]]>
              </value>
            </param>
          </params>
          <reporter-output>
          </reporter-output>
        </test-method> <!-- check -->
        <test-method signature="TC_RF_007(java.lang.String,java.lang.String,java.lang.String,java.lang.String,java.lang.String)[pri:0, instance:testCases.TS_001_Register_Functionality@723ca036]" started-at="2023-04-30T19:54:25 CEST" name="TC_RF_007" data-provider="testdata" finished-at="2023-04-30T19:54:26 CEST" duration-ms="1339" status="PASS">
          <params>
            <param index="0">
              <value>
                <![CDATA[Jason]]>
              </value>
            </param>
            <param index="1">
              <value>
                <![CDATA[Bourne]]>
              </value>
            </param>
            <param index="2">
              <value>
                <![CDATA[jasonb7@]]>
              </value>
            </param>
            <param index="3">
              <value>
                <![CDATA[jasonb]]>
              </value>
            </param>
            <param index="4">
              <value>
                <![CDATA[jasonb]]>
              </value>
            </param>
          </params>
          <reporter-output>
          </reporter-output>
        </test-method> <!-- TC_RF_007 -->
        <test-method is-config="true" signature="check(org.testng.ITestResult)[pri:0, instance:testCases.TS_001_Register_Functionality@723ca036]" started-at="2023-04-30T19:54:26 CEST" name="check" finished-at="2023-04-30T19:54:26 CEST" duration-ms="1" status="PASS">
          <params>
            <param index="0">
              <value>
                <![CDATA[[TestResult name=TC_RF_007 status=SUCCESS method=TS_001_Register_Functionality.TC_RF_007(java.lang.String,java.lang.String,java.lang.String,java.lang.String,java.lang.String)[pri:0, instance:testCases.TS_001_Register_Functionality@723ca036] output={null}]]]>
              </value>
            </param>
          </params>
          <reporter-output>
          </reporter-output>
        </test-method> <!-- check -->
        <test-method signature="TC_RF_007(java.lang.String,java.lang.String,java.lang.String,java.lang.String,java.lang.String)[pri:0, instance:testCases.TS_001_Register_Functionality@723ca036]" started-at="2023-04-30T19:54:26 CEST" name="TC_RF_007" data-provider="testdata" finished-at="2023-04-30T19:54:31 CEST" duration-ms="4652" status="FAIL">
          <params>
            <param index="0">
              <value>
                <![CDATA[Jason]]>
              </value>
            </param>
            <param index="1">
              <value>
                <![CDATA[Bourne]]>
              </value>
            </param>
            <param index="2">
              <value>
                <![CDATA[jasonb7@gmail]]>
              </value>
            </param>
            <param index="3">
              <value>
                <![CDATA[jasonb]]>
              </value>
            </param>
            <param index="4">
              <value>
                <![CDATA[jasonb]]>
              </value>
            </param>
          </params>
          <exception class="org.openqa.selenium.NoSuchElementException">
            <message>
              <![CDATA[no such element: Unable to locate element: {"method":"css selector","selector":"#Email\-error"}
  (Session info: chrome=112.0.5615.138)
For documentation on this error, please visit: https://selenium.dev/exceptions/#no_such_element
Build info: version: '4.4.0', revision: 'e5c75ed026a'
System info: host: 'DESKTOP-MQ5QUGD', ip: '192.168.0.23', os.name: 'Windows 10', os.arch: 'amd64', os.version: '10.0', java.version: '16.0.2'
Driver info: org.openqa.selenium.chrome.ChromeDriver
Command: [a2aabf346fdc4702429f981692b89d24, findElement {using=id, value=Email-error}]
Capabilities {acceptInsecureCerts: false, browserName: chrome, browserVersion: 112.0.5615.138, chrome: {chromedriverVersion: 112.0.5615.49 (bd2a7bcb881c..., userDataDir: C:\Users\janko\AppData\Loca...}, goog:chromeOptions: {debuggerAddress: localhost:61651}, networkConnectionEnabled: false, pageLoadStrategy: normal, platformName: WINDOWS, proxy: Proxy(), se:cdp: ws://localhost:61651/devtoo..., se:cdpVersion: 112.0.5615.138, setWindowRect: true, strictFileInteractability: false, timeouts: {implicit: 0, pageLoad: 300000, script: 30000}, unhandledPromptBehavior: dismiss and notify, webauthn:extension:credBlob: true, webauthn:extension:largeBlob: true, webauthn:extension:minPinLength: true, webauthn:extension:prf: true, webauthn:virtualAuthenticators: true}
Session ID: a2aabf346fdc4702429f981692b89d24]]>
            </message>
            <full-stacktrace>
              <![CDATA[org.openqa.selenium.NoSuchElementException: no such element: Unable to locate element: {"method":"css selector","selector":"#Email\-error"}
  (Session info: chrome=112.0.5615.138)
For documentation on this error, please visit: https://selenium.dev/exceptions/#no_such_element
Build info: version: '4.4.0', revision: 'e5c75ed026a'
System info: host: 'DESKTOP-MQ5QUGD', ip: '192.168.0.23', os.name: 'Windows 10', os.arch: 'amd64', os.version: '10.0', java.version: '16.0.2'
Driver info: org.openqa.selenium.chrome.ChromeDriver
Command: [a2aabf346fdc4702429f981692b89d24, findElement {using=id, value=Email-error}]
Capabilities {acceptInsecureCerts: false, browserName: chrome, browserVersion: 112.0.5615.138, chrome: {chromedriverVersion: 112.0.5615.49 (bd2a7bcb881c..., userDataDir: C:\Users\janko\AppData\Loca...}, goog:chromeOptions: {debuggerAddress: localhost:61651}, networkConnectionEnabled: false, pageLoadStrategy: normal, platformName: WINDOWS, proxy: Proxy(), se:cdp: ws://localhost:61651/devtoo..., se:cdpVersion: 112.0.5615.138, setWindowRect: true, strictFileInteractability: false, timeouts: {implicit: 0, pageLoad: 300000, script: 30000}, unhandledPromptBehavior: dismiss and notify, webauthn:extension:credBlob: true, webauthn:extension:largeBlob: true, webauthn:extension:minPinLength: true, webauthn:extension:prf: true, webauthn:virtualAuthenticators: true}
Session ID: a2aabf346fdc4702429f981692b89d24
at java.base/jdk.internal.reflect.NativeConstructorAccessorImpl.newInstance0(Native Method)
at java.base/jdk.internal.reflect.NativeConstructorAccessorImpl.newInstance(NativeConstructorAccessorImpl.java:78)
at java.base/jdk.internal.reflect.DelegatingConstructorAccessorImpl.newInstance(DelegatingConstructorAccessorImpl.java:45)
at java.base/java.lang.reflect.Constructor.newInstanceWithCaller(Constructor.java:499)
at java.base/java.lang.reflect.Constructor.newInstance(Constructor.java:480)
at org.openqa.selenium.remote.codec.w3c.W3CHttpResponseCodec.createException(W3CHttpResponseCodec.java:200)
at org.openqa.selenium.remote.codec.w3c.W3CHttpResponseCodec.decode(W3CHttpResponseCodec.java:133)
at org.openqa.selenium.remote.codec.w3c.W3CHttpResponseCodec.decode(W3CHttpResponseCodec.java:53)
at org.openqa.selenium.remote.HttpCommandExecutor.execute(HttpCommandExecutor.java:184)
at org.openqa.selenium.remote.service.DriverCommandExecutor.invokeExecute(DriverCommandExecutor.java:167)
at org.openqa.selenium.remote.service.DriverCommandExecutor.execute(DriverCommandExecutor.java:142)
at org.openqa.selenium.remote.RemoteWebDriver.execute(RemoteWebDriver.java:547)
at org.openqa.selenium.remote.ElementLocation$ElementFinder$2.findElement(ElementLocation.java:162)
at org.openqa.selenium.remote.ElementLocation.findElement(ElementLocation.java:60)
at org.openqa.selenium.remote.RemoteWebDriver.findElement(RemoteWebDriver.java:365)
at org.openqa.selenium.remote.RemoteWebDriver.findElement(RemoteWebDriver.java:357)
at org.openqa.selenium.support.pagefactory.DefaultElementLocator.findElement(DefaultElementLocator.java:70)
at org.openqa.selenium.support.pagefactory.internal.LocatingElementHandler.invoke(LocatingElementHandler.java:39)
at jdk.proxy2/jdk.proxy2.$Proxy38.isDisplayed(Unknown Source)
at testCases.TS_001_Register_Functionality.TC_RF_007(TS_001_Register_Functionality.java:143)
at java.base/jdk.internal.reflect.NativeMethodAccessorImpl.invoke0(Native Method)
at java.base/jdk.internal.reflect.NativeMethodAccessorImpl.invoke(NativeMethodAccessorImpl.java:78)
at java.base/jdk.internal.reflect.DelegatingMethodAccessorImpl.invoke(DelegatingMethodAccessorImpl.java:43)
at java.base/java.lang.reflect.Method.invoke(Method.java:567)
at org.testng.internal.invokers.MethodInvocationHelper.invokeMethod(MethodInvocationHelper.java:139)
at org.testng.internal.invokers.TestInvoker.invokeMethod(TestInvoker.java:677)
at org.testng.internal.invokers.TestInvoker.invokeTestMethod(TestInvoker.java:221)
at org.testng.internal.invokers.MethodRunner.runInSequence(MethodRunner.java:50)
at org.testng.internal.invokers.TestInvoker$MethodInvocationAgent.invoke(TestInvoker.java:962)
at org.testng.internal.invokers.TestInvoker.invokeTestMethods(TestInvoker.java:194)
at org.testng.internal.invokers.TestMethodWorker.invokeTestMethods(TestMethodWorker.java:148)
at org.testng.internal.invokers.TestMethodWorker.run(TestMethodWorker.java:128)
at java.base/java.util.ArrayList.forEach(ArrayList.java:1511)
at org.testng.TestRunner.privateRun(TestRunner.java:806)
at org.testng.TestRunner.run(TestRunner.java:601)
at org.testng.SuiteRunner.runTest(SuiteRunner.java:433)
at org.testng.SuiteRunner.runSequentially(SuiteRunner.java:427)
at org.testng.SuiteRunner.privateRun(SuiteRunner.java:387)
at org.testng.SuiteRunner.run(SuiteRunner.java:330)
at org.testng.SuiteRunnerWorker.runSuite(SuiteRunnerWorker.java:52)
at org.testng.SuiteRunnerWorker.run(SuiteRunnerWorker.java:95)
at org.testng.TestNG.runSuitesSequentially(TestNG.java:1256)
at org.testng.TestNG.runSuitesLocally(TestNG.java:1176)
at org.testng.TestNG.runSuites(TestNG.java:1099)
at org.testng.TestNG.run(TestNG.java:1067)
at org.testng.remote.AbstractRemoteTestNG.run(AbstractRemoteTestNG.java:115)
at org.testng.remote.RemoteTestNG.initAndRun(RemoteTestNG.java:251)
at org.testng.remote.RemoteTestNG.main(RemoteTestNG.java:77)
]]>
            </full-stacktrace>
          </exception> <!-- org.openqa.selenium.NoSuchElementException -->
          <reporter-output>
          </reporter-output>
        </test-method> <!-- TC_RF_007 -->
        <test-method is-config="true" signature="check(org.testng.ITestResult)[pri:0, instance:testCases.TS_001_Register_Functionality@723ca036]" started-at="2023-04-30T19:54:31 CEST" name="check" finished-at="2023-04-30T19:54:31 CEST" duration-ms="166" status="PASS">
          <params>
            <param index="0">
              <value>
                <![CDATA[[TestResult name=TC_RF_007 status=FAILURE method=TS_001_Register_Functionality.TC_RF_007(java.lang.String,java.lang.String,java.lang.String,java.lang.String,java.lang.String)[pri:0, instance:testCases.TS_001_Register_Functionality@723ca036] output={null}]]]>
              </value>
            </param>
          </params>
          <reporter-output>
          </reporter-output>
        </test-method> <!-- check -->
        <test-method is-config="true" signature="tearDown()[pri:0, instance:testCases.TS_001_Register_Functionality@723ca036]" started-at="2023-04-30T19:54:31 CEST" name="tearDown" finished-at="2023-04-30T19:54:31 CEST" duration-ms="167" status="PASS">
          <reporter-output>
          </reporter-output>
        </test-method> <!-- tearDown -->
      </class> <!-- testCases.TS_001_Register_Functionality -->
    </test> <!-- TC_RF_007 -->
    <test started-at="2023-04-30T19:54:31 CEST" name="TC_RF_008" finished-at="2023-04-30T19:54:38 CEST" duration-ms="6794">
      <class name="testCases.TS_001_Register_Functionality">
        <test-method is-config="true" signature="setup(org.testng.ITestContext,java.lang.String)[pri:0, instance:testCases.TS_001_Register_Functionality@4c163e3]" started-at="2023-04-30T19:54:31 CEST" name="setup" finished-at="2023-04-30T19:54:32 CEST" duration-ms="941" status="PASS">
          <params>
            <param index="0">
              <value>
                <![CDATA[org.testng.TestRunner@1798c749]]>
              </value>
            </param>
            <param index="1">
              <value>
                <![CDATA[chrome]]>
              </value>
            </param>
          </params>
          <reporter-output>
          </reporter-output>
        </test-method> <!-- setup -->
        <test-method signature="TC_RF_008(java.lang.String,java.lang.String,java.lang.String,java.lang.String,java.lang.String)[pri:0, instance:testCases.TS_001_Register_Functionality@4c163e3]" started-at="2023-04-30T19:54:32 CEST" name="TC_RF_008" data-provider="testdata" finished-at="2023-04-30T19:54:37 CEST" duration-ms="5442" status="FAIL">
          <params>
            <param index="0">
              <value>
                <![CDATA[      ]]>
              </value>
            </param>
            <param index="1">
              <value>
                <![CDATA[      ]]>
              </value>
            </param>
            <param index="2">
              <value>
                <![CDATA[      ]]>
              </value>
            </param>
            <param index="3">
              <value>
                <![CDATA[      ]]>
              </value>
            </param>
            <param index="4">
              <value>
                <![CDATA[      ]]>
              </value>
            </param>
          </params>
          <exception class="org.openqa.selenium.NoSuchElementException">
            <message>
              <![CDATA[no such element: Unable to locate element: {"method":"css selector","selector":"#FirstName\-error"}
  (Session info: chrome=112.0.5615.138)
For documentation on this error, please visit: https://selenium.dev/exceptions/#no_such_element
Build info: version: '4.4.0', revision: 'e5c75ed026a'
System info: host: 'DESKTOP-MQ5QUGD', ip: '192.168.0.23', os.name: 'Windows 10', os.arch: 'amd64', os.version: '10.0', java.version: '16.0.2'
Driver info: org.openqa.selenium.chrome.ChromeDriver
Command: [ee614fb26a1ea48eede978963dbbce62, findElement {using=id, value=FirstName-error}]
Capabilities {acceptInsecureCerts: false, browserName: chrome, browserVersion: 112.0.5615.138, chrome: {chromedriverVersion: 112.0.5615.49 (bd2a7bcb881c..., userDataDir: C:\Users\janko\AppData\Loca...}, goog:chromeOptions: {debuggerAddress: localhost:61676}, networkConnectionEnabled: false, pageLoadStrategy: normal, platformName: WINDOWS, proxy: Proxy(), se:cdp: ws://localhost:61676/devtoo..., se:cdpVersion: 112.0.5615.138, setWindowRect: true, strictFileInteractability: false, timeouts: {implicit: 0, pageLoad: 300000, script: 30000}, unhandledPromptBehavior: dismiss and notify, webauthn:extension:credBlob: true, webauthn:extension:largeBlob: true, webauthn:extension:minPinLength: true, webauthn:extension:prf: true, webauthn:virtualAuthenticators: true}
Session ID: ee614fb26a1ea48eede978963dbbce62]]>
            </message>
            <full-stacktrace>
              <![CDATA[org.openqa.selenium.NoSuchElementException: no such element: Unable to locate element: {"method":"css selector","selector":"#FirstName\-error"}
  (Session info: chrome=112.0.5615.138)
For documentation on this error, please visit: https://selenium.dev/exceptions/#no_such_element
Build info: version: '4.4.0', revision: 'e5c75ed026a'
System info: host: 'DESKTOP-MQ5QUGD', ip: '192.168.0.23', os.name: 'Windows 10', os.arch: 'amd64', os.version: '10.0', java.version: '16.0.2'
Driver info: org.openqa.selenium.chrome.ChromeDriver
Command: [ee614fb26a1ea48eede978963dbbce62, findElement {using=id, value=FirstName-error}]
Capabilities {acceptInsecureCerts: false, browserName: chrome, browserVersion: 112.0.5615.138, chrome: {chromedriverVersion: 112.0.5615.49 (bd2a7bcb881c..., userDataDir: C:\Users\janko\AppData\Loca...}, goog:chromeOptions: {debuggerAddress: localhost:61676}, networkConnectionEnabled: false, pageLoadStrategy: normal, platformName: WINDOWS, proxy: Proxy(), se:cdp: ws://localhost:61676/devtoo..., se:cdpVersion: 112.0.5615.138, setWindowRect: true, strictFileInteractability: false, timeouts: {implicit: 0, pageLoad: 300000, script: 30000}, unhandledPromptBehavior: dismiss and notify, webauthn:extension:credBlob: true, webauthn:extension:largeBlob: true, webauthn:extension:minPinLength: true, webauthn:extension:prf: true, webauthn:virtualAuthenticators: true}
Session ID: ee614fb26a1ea48eede978963dbbce62
at java.base/jdk.internal.reflect.NativeConstructorAccessorImpl.newInstance0(Native Method)
at java.base/jdk.internal.reflect.NativeConstructorAccessorImpl.newInstance(NativeConstructorAccessorImpl.java:78)
at java.base/jdk.internal.reflect.DelegatingConstructorAccessorImpl.newInstance(DelegatingConstructorAccessorImpl.java:45)
at java.base/java.lang.reflect.Constructor.newInstanceWithCaller(Constructor.java:499)
at java.base/java.lang.reflect.Constructor.newInstance(Constructor.java:480)
at org.openqa.selenium.remote.codec.w3c.W3CHttpResponseCodec.createException(W3CHttpResponseCodec.java:200)
at org.openqa.selenium.remote.codec.w3c.W3CHttpResponseCodec.decode(W3CHttpResponseCodec.java:133)
at org.openqa.selenium.remote.codec.w3c.W3CHttpResponseCodec.decode(W3CHttpResponseCodec.java:53)
at org.openqa.selenium.remote.HttpCommandExecutor.execute(HttpCommandExecutor.java:184)
at org.openqa.selenium.remote.service.DriverCommandExecutor.invokeExecute(DriverCommandExecutor.java:167)
at org.openqa.selenium.remote.service.DriverCommandExecutor.execute(DriverCommandExecutor.java:142)
at org.openqa.selenium.remote.RemoteWebDriver.execute(RemoteWebDriver.java:547)
at org.openqa.selenium.remote.ElementLocation$ElementFinder$2.findElement(ElementLocation.java:162)
at org.openqa.selenium.remote.ElementLocation.findElement(ElementLocation.java:60)
at org.openqa.selenium.remote.RemoteWebDriver.findElement(RemoteWebDriver.java:365)
at org.openqa.selenium.remote.RemoteWebDriver.findElement(RemoteWebDriver.java:357)
at org.openqa.selenium.support.pagefactory.DefaultElementLocator.findElement(DefaultElementLocator.java:70)
at org.openqa.selenium.support.pagefactory.internal.LocatingElementHandler.invoke(LocatingElementHandler.java:39)
at jdk.proxy2/jdk.proxy2.$Proxy38.isDisplayed(Unknown Source)
at testCases.TS_001_Register_Functionality.TC_RF_008(TS_001_Register_Functionality.java:164)
at java.base/jdk.internal.reflect.NativeMethodAccessorImpl.invoke0(Native Method)
at java.base/jdk.internal.reflect.NativeMethodAccessorImpl.invoke(NativeMethodAccessorImpl.java:78)
at java.base/jdk.internal.reflect.DelegatingMethodAccessorImpl.invoke(DelegatingMethodAccessorImpl.java:43)
at java.base/java.lang.reflect.Method.invoke(Method.java:567)
at org.testng.internal.invokers.MethodInvocationHelper.invokeMethod(MethodInvocationHelper.java:139)
at org.testng.internal.invokers.TestInvoker.invokeMethod(TestInvoker.java:677)
at org.testng.internal.invokers.TestInvoker.invokeTestMethod(TestInvoker.java:221)
at org.testng.internal.invokers.MethodRunner.runInSequence(MethodRunner.java:50)
at org.testng.internal.invokers.TestInvoker$MethodInvocationAgent.invoke(TestInvoker.java:962)
at org.testng.internal.invokers.TestInvoker.invokeTestMethods(TestInvoker.java:194)
at org.testng.internal.invokers.TestMethodWorker.invokeTestMethods(TestMethodWorker.java:148)
at org.testng.internal.invokers.TestMethodWorker.run(TestMethodWorker.java:128)
at java.base/java.util.ArrayList.forEach(ArrayList.java:1511)
at org.testng.TestRunner.privateRun(TestRunner.java:806)
at org.testng.TestRunner.run(TestRunner.java:601)
at org.testng.SuiteRunner.runTest(SuiteRunner.java:433)
at org.testng.SuiteRunner.runSequentially(SuiteRunner.java:427)
at org.testng.SuiteRunner.privateRun(SuiteRunner.java:387)
at org.testng.SuiteRunner.run(SuiteRunner.java:330)
at org.testng.SuiteRunnerWorker.runSuite(SuiteRunnerWorker.java:52)
at org.testng.SuiteRunnerWorker.run(SuiteRunnerWorker.java:95)
at org.testng.TestNG.runSuitesSequentially(TestNG.java:1256)
at org.testng.TestNG.runSuitesLocally(TestNG.java:1176)
at org.testng.TestNG.runSuites(TestNG.java:1099)
at org.testng.TestNG.run(TestNG.java:1067)
at org.testng.remote.AbstractRemoteTestNG.run(AbstractRemoteTestNG.java:115)
at org.testng.remote.RemoteTestNG.initAndRun(RemoteTestNG.java:251)
at org.testng.remote.RemoteTestNG.main(RemoteTestNG.java:77)
]]>
            </full-stacktrace>
          </exception> <!-- org.openqa.selenium.NoSuchElementException -->
          <reporter-output>
          </reporter-output>
        </test-method> <!-- TC_RF_008 -->
        <test-method is-config="true" signature="check(org.testng.ITestResult)[pri:0, instance:testCases.TS_001_Register_Functionality@4c163e3]" started-at="2023-04-30T19:54:37 CEST" name="check" finished-at="2023-04-30T19:54:38 CEST" duration-ms="174" status="PASS">
          <params>
            <param index="0">
              <value>
                <![CDATA[[TestResult name=TC_RF_008 status=FAILURE method=TS_001_Register_Functionality.TC_RF_008(java.lang.String,java.lang.String,java.lang.String,java.lang.String,java.lang.String)[pri:0, instance:testCases.TS_001_Register_Functionality@4c163e3] output={null}]]]>
              </value>
            </param>
          </params>
          <reporter-output>
          </reporter-output>
        </test-method> <!-- check -->
        <test-method is-config="true" signature="tearDown()[pri:0, instance:testCases.TS_001_Register_Functionality@4c163e3]" started-at="2023-04-30T19:54:38 CEST" name="tearDown" finished-at="2023-04-30T19:54:38 CEST" duration-ms="180" status="PASS">
          <reporter-output>
          </reporter-output>
        </test-method> <!-- tearDown -->
      </class> <!-- testCases.TS_001_Register_Functionality -->
    </test> <!-- TC_RF_008 -->
    <test started-at="2023-04-30T19:54:38 CEST" name="TC_RF_009" finished-at="2023-04-30T19:54:41 CEST" duration-ms="2867">
      <class name="testCases.TS_001_Register_Functionality">
        <test-method is-config="true" signature="setup(org.testng.ITestContext,java.lang.String)[pri:0, instance:testCases.TS_001_Register_Functionality@536f2a7e]" started-at="2023-04-30T19:54:38 CEST" name="setup" finished-at="2023-04-30T19:54:39 CEST" duration-ms="881" status="PASS">
          <params>
            <param index="0">
              <value>
                <![CDATA[org.testng.TestRunner@726ee6cf]]>
              </value>
            </param>
            <param index="1">
              <value>
                <![CDATA[chrome]]>
              </value>
            </param>
          </params>
          <reporter-output>
          </reporter-output>
        </test-method> <!-- setup -->
        <test-method signature="TC_RF_009(java.lang.String,java.lang.String,java.lang.String,java.lang.String,java.lang.String)[pri:0, instance:testCases.TS_001_Register_Functionality@536f2a7e]" started-at="2023-04-30T19:54:39 CEST" name="TC_RF_009" data-provider="testdata" finished-at="2023-04-30T19:54:41 CEST" duration-ms="1727" status="PASS">
          <params>
            <param index="0">
              <value>
                <![CDATA[Jason]]>
              </value>
            </param>
            <param index="1">
              <value>
                <![CDATA[Bourne]]>
              </value>
            </param>
            <param index="2">
              <value>
                <![CDATA[jasonb9@gmail.com]]>
              </value>
            </param>
            <param index="3">
              <value>
                <![CDATA[123]]>
              </value>
            </param>
            <param index="4">
              <value>
                <![CDATA[123]]>
              </value>
            </param>
          </params>
          <reporter-output>
          </reporter-output>
        </test-method> <!-- TC_RF_009 -->
        <test-method is-config="true" signature="tearDown()[pri:0, instance:testCases.TS_001_Register_Functionality@536f2a7e]" started-at="2023-04-30T19:54:41 CEST" name="tearDown" finished-at="2023-04-30T19:54:41 CEST" duration-ms="181" status="PASS">
          <reporter-output>
          </reporter-output>
        </test-method> <!-- tearDown -->
        <test-method is-config="true" signature="check(org.testng.ITestResult)[pri:0, instance:testCases.TS_001_Register_Functionality@536f2a7e]" started-at="2023-04-30T19:54:41 CEST" name="check" finished-at="2023-04-30T19:54:41 CEST" duration-ms="0" status="PASS">
          <params>
            <param index="0">
              <value>
                <![CDATA[[TestResult name=TC_RF_009 status=SUCCESS method=TS_001_Register_Functionality.TC_RF_009(java.lang.String,java.lang.String,java.lang.String,java.lang.String,java.lang.String)[pri:0, instance:testCases.TS_001_Register_Functionality@536f2a7e] output={null}]]]>
              </value>
            </param>
          </params>
          <reporter-output>
          </reporter-output>
        </test-method> <!-- check -->
      </class> <!-- testCases.TS_001_Register_Functionality -->
    </test> <!-- TC_RF_009 -->
    <test started-at="2023-04-30T19:54:41 CEST" name="TC_LF_001" finished-at="2023-04-30T19:54:44 CEST" duration-ms="3091">
      <class name="testCases.TS_002_Login_Functionality">
        <test-method is-config="true" signature="setup(org.testng.ITestContext,java.lang.String)[pri:0, instance:testCases.TS_002_Login_Functionality@5c80cf32]" started-at="2023-04-30T19:54:41 CEST" name="setup" finished-at="2023-04-30T19:54:42 CEST" duration-ms="896" status="PASS">
          <params>
            <param index="0">
              <value>
                <![CDATA[org.testng.TestRunner@4a83d61c]]>
              </value>
            </param>
            <param index="1">
              <value>
                <![CDATA[chrome]]>
              </value>
            </param>
          </params>
          <reporter-output>
          </reporter-output>
        </test-method> <!-- setup -->
        <test-method signature="TC_LF_001()[pri:0, instance:testCases.TS_002_Login_Functionality@5c80cf32]" started-at="2023-04-30T19:54:42 CEST" name="TC_LF_001" finished-at="2023-04-30T19:54:44 CEST" duration-ms="2016" status="PASS">
          <reporter-output>
          </reporter-output>
        </test-method> <!-- TC_LF_001 -->
        <test-method is-config="true" signature="check(org.testng.ITestResult)[pri:0, instance:testCases.TS_002_Login_Functionality@5c80cf32]" started-at="2023-04-30T19:54:44 CEST" name="check" finished-at="2023-04-30T19:54:44 CEST" duration-ms="0" status="PASS">
          <params>
            <param index="0">
              <value>
                <![CDATA[[TestResult name=TC_LF_001 status=SUCCESS method=TS_002_Login_Functionality.TC_LF_001()[pri:0, instance:testCases.TS_002_Login_Functionality@5c80cf32] output={null}]]]>
              </value>
            </param>
          </params>
          <reporter-output>
          </reporter-output>
        </test-method> <!-- check -->
        <test-method is-config="true" signature="tearDown()[pri:0, instance:testCases.TS_002_Login_Functionality@5c80cf32]" started-at="2023-04-30T19:54:44 CEST" name="tearDown" finished-at="2023-04-30T19:54:44 CEST" duration-ms="178" status="PASS">
          <reporter-output>
          </reporter-output>
        </test-method> <!-- tearDown -->
      </class> <!-- testCases.TS_002_Login_Functionality -->
    </test> <!-- TC_LF_001 -->
    <test started-at="2023-04-30T19:54:44 CEST" name="TC_LF_002" finished-at="2023-04-30T19:54:48 CEST" duration-ms="4160">
      <class name="testCases.TS_002_Login_Functionality">
        <test-method is-config="true" signature="setup(org.testng.ITestContext,java.lang.String)[pri:0, instance:testCases.TS_002_Login_Functionality@673fdbce]" started-at="2023-04-30T19:54:44 CEST" name="setup" finished-at="2023-04-30T19:54:45 CEST" duration-ms="958" status="PASS">
          <params>
            <param index="0">
              <value>
                <![CDATA[org.testng.TestRunner@624268ab]]>
              </value>
            </param>
            <param index="1">
              <value>
                <![CDATA[chrome]]>
              </value>
            </param>
          </params>
          <reporter-output>
          </reporter-output>
        </test-method> <!-- setup -->
        <test-method signature="TC_LF_002(java.lang.String,java.lang.String)[pri:0, instance:testCases.TS_002_Login_Functionality@673fdbce]" started-at="2023-04-30T19:54:45 CEST" name="TC_LF_002" data-provider="testdata" finished-at="2023-04-30T19:54:48 CEST" duration-ms="3009" status="PASS">
          <params>
            <param index="0">
              <value>
                <![CDATA[lukes2@gmail.com]]>
              </value>
            </param>
            <param index="1">
              <value>
                <![CDATA[987123]]>
              </value>
            </param>
          </params>
          <reporter-output>
          </reporter-output>
        </test-method> <!-- TC_LF_002 -->
        <test-method is-config="true" signature="check(org.testng.ITestResult)[pri:0, instance:testCases.TS_002_Login_Functionality@673fdbce]" started-at="2023-04-30T19:54:48 CEST" name="check" finished-at="2023-04-30T19:54:48 CEST" duration-ms="0" status="PASS">
          <params>
            <param index="0">
              <value>
                <![CDATA[[TestResult name=TC_LF_002 status=SUCCESS method=TS_002_Login_Functionality.TC_LF_002(java.lang.String,java.lang.String)[pri:0, instance:testCases.TS_002_Login_Functionality@673fdbce] output={null}]]]>
              </value>
            </param>
          </params>
          <reporter-output>
          </reporter-output>
        </test-method> <!-- check -->
        <test-method is-config="true" signature="tearDown()[pri:0, instance:testCases.TS_002_Login_Functionality@673fdbce]" started-at="2023-04-30T19:54:48 CEST" name="tearDown" finished-at="2023-04-30T19:54:48 CEST" duration-ms="145" status="PASS">
          <reporter-output>
          </reporter-output>
        </test-method> <!-- tearDown -->
      </class> <!-- testCases.TS_002_Login_Functionality -->
    </test> <!-- TC_LF_002 -->
    <test started-at="2023-04-30T19:54:48 CEST" name="TC_LF_003" finished-at="2023-04-30T19:54:52 CEST" duration-ms="4447">
      <class name="testCases.TS_002_Login_Functionality">
        <test-method is-config="true" signature="setup(org.testng.ITestContext,java.lang.String)[pri:0, instance:testCases.TS_002_Login_Functionality@6cb107fd]" started-at="2023-04-30T19:54:48 CEST" name="setup" finished-at="2023-04-30T19:54:49 CEST" duration-ms="983" status="PASS">
          <params>
            <param index="0">
              <value>
                <![CDATA[org.testng.TestRunner@33315925]]>
              </value>
            </param>
            <param index="1">
              <value>
                <![CDATA[chrome]]>
              </value>
            </param>
          </params>
          <reporter-output>
          </reporter-output>
        </test-method> <!-- setup -->
        <test-method signature="TC_LF_003(java.lang.String,java.lang.String)[pri:0, instance:testCases.TS_002_Login_Functionality@6cb107fd]" started-at="2023-04-30T19:54:49 CEST" name="TC_LF_003" data-provider="testdata" finished-at="2023-04-30T19:54:52 CEST" duration-ms="3248" status="PASS">
          <params>
            <param index="0">
              <value>
                <![CDATA[jasonb@gmail.com]]>
              </value>
            </param>
            <param index="1">
              <value>
                <![CDATA[987123]]>
              </value>
            </param>
          </params>
          <reporter-output>
          </reporter-output>
        </test-method> <!-- TC_LF_003 -->
        <test-method is-config="true" signature="check(org.testng.ITestResult)[pri:0, instance:testCases.TS_002_Login_Functionality@6cb107fd]" started-at="2023-04-30T19:54:52 CEST" name="check" finished-at="2023-04-30T19:54:52 CEST" duration-ms="6" status="PASS">
          <params>
            <param index="0">
              <value>
                <![CDATA[[TestResult name=TC_LF_003 status=SUCCESS method=TS_002_Login_Functionality.TC_LF_003(java.lang.String,java.lang.String)[pri:0, instance:testCases.TS_002_Login_Functionality@6cb107fd] output={null}]]]>
              </value>
            </param>
          </params>
          <reporter-output>
          </reporter-output>
        </test-method> <!-- check -->
        <test-method is-config="true" signature="tearDown()[pri:0, instance:testCases.TS_002_Login_Functionality@6cb107fd]" started-at="2023-04-30T19:54:52 CEST" name="tearDown" finished-at="2023-04-30T19:54:52 CEST" duration-ms="169" status="PASS">
          <reporter-output>
          </reporter-output>
        </test-method> <!-- tearDown -->
      </class> <!-- testCases.TS_002_Login_Functionality -->
    </test> <!-- TC_LF_003 -->
    <test started-at="2023-04-30T19:54:52 CEST" name="TC_LF_004" finished-at="2023-04-30T19:54:56 CEST" duration-ms="3637">
      <class name="testCases.TS_002_Login_Functionality">
        <test-method is-config="true" signature="setup(org.testng.ITestContext,java.lang.String)[pri:0, instance:testCases.TS_002_Login_Functionality@eadd4fb]" started-at="2023-04-30T19:54:52 CEST" name="setup" finished-at="2023-04-30T19:54:53 CEST" duration-ms="861" status="PASS">
          <params>
            <param index="0">
              <value>
                <![CDATA[org.testng.TestRunner@366c9912]]>
              </value>
            </param>
            <param index="1">
              <value>
                <![CDATA[chrome]]>
              </value>
            </param>
          </params>
          <reporter-output>
          </reporter-output>
        </test-method> <!-- setup -->
        <test-method signature="TC_LF_004()[pri:0, instance:testCases.TS_002_Login_Functionality@eadd4fb]" started-at="2023-04-30T19:54:53 CEST" name="TC_LF_004" finished-at="2023-04-30T19:54:56 CEST" duration-ms="2603" status="PASS">
          <reporter-output>
          </reporter-output>
        </test-method> <!-- TC_LF_004 -->
        <test-method is-config="true" signature="check(org.testng.ITestResult)[pri:0, instance:testCases.TS_002_Login_Functionality@eadd4fb]" started-at="2023-04-30T19:54:56 CEST" name="check" finished-at="2023-04-30T19:54:56 CEST" duration-ms="2" status="PASS">
          <params>
            <param index="0">
              <value>
                <![CDATA[[TestResult name=TC_LF_004 status=SUCCESS method=TS_002_Login_Functionality.TC_LF_004()[pri:0, instance:testCases.TS_002_Login_Functionality@eadd4fb] output={null}]]]>
              </value>
            </param>
          </params>
          <reporter-output>
          </reporter-output>
        </test-method> <!-- check -->
        <test-method is-config="true" signature="tearDown()[pri:0, instance:testCases.TS_002_Login_Functionality@eadd4fb]" started-at="2023-04-30T19:54:56 CEST" name="tearDown" finished-at="2023-04-30T19:54:56 CEST" duration-ms="168" status="PASS">
          <reporter-output>
          </reporter-output>
        </test-method> <!-- tearDown -->
      </class> <!-- testCases.TS_002_Login_Functionality -->
    </test> <!-- TC_LF_004 -->
    <test started-at="2023-04-30T19:54:56 CEST" name="TC_LF_005" finished-at="2023-04-30T19:55:00 CEST" duration-ms="4427">
      <class name="testCases.TS_002_Login_Functionality">
        <test-method is-config="true" signature="setup(org.testng.ITestContext,java.lang.String)[pri:0, instance:testCases.TS_002_Login_Functionality@2a8448fa]" started-at="2023-04-30T19:54:56 CEST" name="setup" finished-at="2023-04-30T19:54:57 CEST" duration-ms="973" status="PASS">
          <params>
            <param index="0">
              <value>
                <![CDATA[org.testng.TestRunner@628b9af5]]>
              </value>
            </param>
            <param index="1">
              <value>
                <![CDATA[chrome]]>
              </value>
            </param>
          </params>
          <reporter-output>
          </reporter-output>
        </test-method> <!-- setup -->
        <test-method signature="TC_LF_005()[pri:0, instance:testCases.TS_002_Login_Functionality@2a8448fa]" started-at="2023-04-30T19:54:57 CEST" name="TC_LF_005" finished-at="2023-04-30T19:55:00 CEST" duration-ms="3328" status="PASS">
          <reporter-output>
          </reporter-output>
        </test-method> <!-- TC_LF_005 -->
        <test-method is-config="true" signature="check(org.testng.ITestResult)[pri:0, instance:testCases.TS_002_Login_Functionality@2a8448fa]" started-at="2023-04-30T19:55:00 CEST" name="check" finished-at="2023-04-30T19:55:00 CEST" duration-ms="1" status="PASS">
          <params>
            <param index="0">
              <value>
                <![CDATA[[TestResult name=TC_LF_005 status=SUCCESS method=TS_002_Login_Functionality.TC_LF_005()[pri:0, instance:testCases.TS_002_Login_Functionality@2a8448fa] output={null}]]]>
              </value>
            </param>
          </params>
          <reporter-output>
          </reporter-output>
        </test-method> <!-- check -->
        <test-method is-config="true" signature="tearDown()[pri:0, instance:testCases.TS_002_Login_Functionality@2a8448fa]" started-at="2023-04-30T19:55:00 CEST" name="tearDown" finished-at="2023-04-30T19:55:00 CEST" duration-ms="123" status="PASS">
          <reporter-output>
          </reporter-output>
        </test-method> <!-- tearDown -->
      </class> <!-- testCases.TS_002_Login_Functionality -->
    </test> <!-- TC_LF_005 -->
    <test started-at="2023-04-30T19:55:00 CEST" name="TC_LF_006" finished-at="2023-04-30T19:55:04 CEST" duration-ms="3552">
      <class name="testCases.TS_002_Login_Functionality">
        <test-method is-config="true" signature="setup(org.testng.ITestContext,java.lang.String)[pri:0, instance:testCases.TS_002_Login_Functionality@3ad83a66]" started-at="2023-04-30T19:55:00 CEST" name="setup" finished-at="2023-04-30T19:55:01 CEST" duration-ms="883" status="PASS">
          <params>
            <param index="0">
              <value>
                <![CDATA[org.testng.TestRunner@137db13f]]>
              </value>
            </param>
            <param index="1">
              <value>
                <![CDATA[chrome]]>
              </value>
            </param>
          </params>
          <reporter-output>
          </reporter-output>
        </test-method> <!-- setup -->
        <test-method signature="TC_LF_006()[pri:0, instance:testCases.TS_002_Login_Functionality@3ad83a66]" started-at="2023-04-30T19:55:01 CEST" name="TC_LF_006" finished-at="2023-04-30T19:55:04 CEST" duration-ms="2547" status="PASS">
          <reporter-output>
          </reporter-output>
        </test-method> <!-- TC_LF_006 -->
        <test-method is-config="true" signature="check(org.testng.ITestResult)[pri:0, instance:testCases.TS_002_Login_Functionality@3ad83a66]" started-at="2023-04-30T19:55:04 CEST" name="check" finished-at="2023-04-30T19:55:04 CEST" duration-ms="1" status="PASS">
          <params>
            <param index="0">
              <value>
                <![CDATA[[TestResult name=TC_LF_006 status=SUCCESS method=TS_002_Login_Functionality.TC_LF_006()[pri:0, instance:testCases.TS_002_Login_Functionality@3ad83a66] output={null}]]]>
              </value>
            </param>
          </params>
          <reporter-output>
          </reporter-output>
        </test-method> <!-- check -->
        <test-method is-config="true" signature="tearDown()[pri:0, instance:testCases.TS_002_Login_Functionality@3ad83a66]" started-at="2023-04-30T19:55:04 CEST" name="tearDown" finished-at="2023-04-30T19:55:04 CEST" duration-ms="120" status="PASS">
          <reporter-output>
          </reporter-output>
        </test-method> <!-- tearDown -->
      </class> <!-- testCases.TS_002_Login_Functionality -->
    </test> <!-- TC_LF_006 -->
    <test started-at="2023-04-30T19:55:04 CEST" name="TC_LF_007" finished-at="2023-04-30T19:55:08 CEST" duration-ms="4290">
      <class name="testCases.TS_002_Login_Functionality">
        <test-method is-config="true" signature="initialiseExtentreports()[pri:0, instance:testCases.TS_002_Login_Functionality@5b38c1ec]" started-at="2023-04-30T19:53:53 CEST" name="initialiseExtentreports" finished-at="2023-04-30T19:53:54 CEST" duration-ms="770" status="PASS">
          <reporter-output>
          </reporter-output>
        </test-method> <!-- initialiseExtentreports -->
        <test-method is-config="true" signature="setup(org.testng.ITestContext,java.lang.String)[pri:0, instance:testCases.TS_002_Login_Functionality@5b38c1ec]" started-at="2023-04-30T19:55:04 CEST" name="setup" finished-at="2023-04-30T19:55:05 CEST" duration-ms="1026" status="PASS">
          <params>
            <param index="0">
              <value>
                <![CDATA[org.testng.TestRunner@2a3c3a04]]>
              </value>
            </param>
            <param index="1">
              <value>
                <![CDATA[chrome]]>
              </value>
            </param>
          </params>
          <reporter-output>
          </reporter-output>
        </test-method> <!-- setup -->
        <test-method signature="TC_LF_007()[pri:0, instance:testCases.TS_002_Login_Functionality@5b38c1ec]" started-at="2023-04-30T19:55:05 CEST" name="TC_LF_007" finished-at="2023-04-30T19:55:08 CEST" duration-ms="3110" status="PASS">
          <reporter-output>
          </reporter-output>
        </test-method> <!-- TC_LF_007 -->
        <test-method is-config="true" signature="check(org.testng.ITestResult)[pri:0, instance:testCases.TS_002_Login_Functionality@5b38c1ec]" started-at="2023-04-30T19:55:08 CEST" name="check" finished-at="2023-04-30T19:55:08 CEST" duration-ms="1" status="PASS">
          <params>
            <param index="0">
              <value>
                <![CDATA[[TestResult name=TC_LF_007 status=SUCCESS method=TS_002_Login_Functionality.TC_LF_007()[pri:0, instance:testCases.TS_002_Login_Functionality@5b38c1ec] output={null}]]]>
              </value>
            </param>
          </params>
          <reporter-output>
          </reporter-output>
        </test-method> <!-- check -->
        <test-method is-config="true" signature="tearDown()[pri:0, instance:testCases.TS_002_Login_Functionality@5b38c1ec]" started-at="2023-04-30T19:55:08 CEST" name="tearDown" finished-at="2023-04-30T19:55:08 CEST" duration-ms="152" status="PASS">
          <reporter-output>
          </reporter-output>
        </test-method> <!-- tearDown -->
        <test-method is-config="true" signature="generateExtentReports()[pri:0, instance:testCases.TS_002_Login_Functionality@5b38c1ec]" started-at="2023-04-30T19:55:08 CEST" name="generateExtentReports" finished-at="2023-04-30T19:55:09 CEST" duration-ms="381" status="PASS">
          <reporter-output>
          </reporter-output>
        </test-method> <!-- generateExtentReports -->
      </class> <!-- testCases.TS_002_Login_Functionality -->
    </test> <!-- TC_LF_007 -->
  </suite> <!-- NopCommerceV1 -->
</testng-results>
