<?xml version="1.0" encoding="UTF-8"?>
<testng-results ignored="8" total="9" passed="1" failed="0" skipped="0">
  <reporter-output>
  </reporter-output>
  <suite started-at="2023-04-08T16:24:39 CEST" name="NopCommerceV1" finished-at="2023-04-08T16:24:46 CEST" duration-ms="6734">
    <groups>
    </groups>
    <test started-at="2023-04-08T16:24:39 CEST" name="TC_RF_010" finished-at="2023-04-08T16:24:46 CEST" duration-ms="6734">
      <class name="testCases.RegisterTest">
        <test-method is-config="true" signature="initialiseExtentreports()[pri:0, instance:testCases.RegisterTest@8519cb4]" started-at="2023-04-08T16:24:38 CEST" name="initialiseExtentreports" finished-at="2023-04-08T16:24:39 CEST" duration-ms="752" status="PASS">
          <reporter-output>
          </reporter-output>
        </test-method> <!-- initialiseExtentreports -->
        <test-method is-config="true" signature="setup(org.testng.ITestContext,java.lang.String)[pri:0, instance:testCases.RegisterTest@8519cb4]" started-at="2023-04-08T16:24:39 CEST" name="setup" finished-at="2023-04-08T16:24:41 CEST" duration-ms="2155" status="PASS">
          <params>
            <param index="0">
              <value>
                <![CDATA[org.testng.TestRunner@38054d01]]>
              </value>
            </param>
            <param index="1">
              <value>
                <![CDATA[chrome]]>
              </value>
            </param>
          </params>
          <reporter-output>
          </reporter-output>
        </test-method> <!-- setup -->
        <test-method signature="TC_RF_010(java.lang.String,java.lang.String,java.lang.String,java.lang.String,java.lang.String)[pri:0, instance:testCases.RegisterTest@8519cb4]" started-at="2023-04-08T16:24:42 CEST" name="TC_RF_010" data-provider="testdata" finished-at="2023-04-08T16:24:45 CEST" duration-ms="3684" status="PASS">
          <params>
            <param index="0">
              <value>
                <![CDATA[Jason]]>
              </value>
            </param>
            <param index="1">
              <value>
                <![CDATA[Bourne]]>
              </value>
            </param>
            <param index="2">
              <value>
                <![CDATA[jasonb10@gmail.com]]>
              </value>
            </param>
            <param index="3">
              <value>
                <![CDATA[123]]>
              </value>
            </param>
            <param index="4">
              <value>
                <![CDATA[123]]>
              </value>
            </param>
          </params>
          <reporter-output>
          </reporter-output>
        </test-method> <!-- TC_RF_010 -->
        <test-method is-config="true" signature="check(org.testng.ITestResult)[pri:0, instance:testCases.RegisterTest@8519cb4]" started-at="2023-04-08T16:24:45 CEST" name="check" finished-at="2023-04-08T16:24:45 CEST" duration-ms="13" status="PASS">
          <params>
            <param index="0">
              <value>
                <![CDATA[[TestResult name=TC_RF_010 status=SUCCESS method=RegisterTest.TC_RF_010(java.lang.String,java.lang.String,java.lang.String,java.lang.String,java.lang.String)[pri:0, instance:testCases.RegisterTest@8519cb4] output={null}]]]>
              </value>
            </param>
          </params>
          <reporter-output>
          </reporter-output>
        </test-method> <!-- check -->
        <test-method is-config="true" signature="tearDown()[pri:0, instance:testCases.RegisterTest@8519cb4]" started-at="2023-04-08T16:24:45 CEST" name="tearDown" finished-at="2023-04-08T16:24:46 CEST" duration-ms="197" status="PASS">
          <reporter-output>
          </reporter-output>
        </test-method> <!-- tearDown -->
        <test-method is-config="true" signature="generateExtentReports()[pri:0, instance:testCases.RegisterTest@8519cb4]" started-at="2023-04-08T16:24:46 CEST" name="generateExtentReports" finished-at="2023-04-08T16:24:46 CEST" duration-ms="320" status="PASS">
          <reporter-output>
          </reporter-output>
        </test-method> <!-- generateExtentReports -->
      </class> <!-- testCases.RegisterTest -->
    </test> <!-- TC_RF_010 -->
  </suite> <!-- NopCommerceV1 -->
</testng-results>
