<?xml version="1.0" encoding="UTF-8"?>
<testng-results ignored="0" total="2" passed="2" failed="0" skipped="0">
  <reporter-output>
  </reporter-output>
  <suite started-at="2023-03-14T18:40:05 CET" name="NopCommerceV1" finished-at="2023-03-14T18:40:21 CET" duration-ms="16153">
    <groups>
    </groups>
    <test started-at="2023-03-14T18:40:05 CET" name="ECommerceTest" finished-at="2023-03-14T18:40:21 CET" duration-ms="16153">
      <class name="testCases.RegisterTest">
        <test-method is-config="true" signature="setup(java.lang.String)[pri:0, instance:testCases.RegisterTest@1cf6d1be]" started-at="2023-03-14T18:40:05 CET" name="setup" finished-at="2023-03-14T18:40:08 CET" duration-ms="2802" status="PASS">
          <params>
            <param index="0">
              <value>
                <![CDATA[chrome]]>
              </value>
            </param>
          </params>
          <reporter-output>
          </reporter-output>
        </test-method> <!-- setup -->
        <test-method signature="register(java.lang.String,java.lang.String)[pri:0, instance:testCases.RegisterTest@1cf6d1be]" started-at="2023-03-14T18:40:09 CET" name="register" data-provider="testdata" finished-at="2023-03-14T18:40:16 CET" duration-ms="7024" status="PASS">
          <params>
            <param index="0">
              <value>
                <![CDATA[testemail@gmail.com]]>
              </value>
            </param>
            <param index="1">
              <value>
                <![CDATA[testemail]]>
              </value>
            </param>
          </params>
          <reporter-output>
          </reporter-output>
        </test-method> <!-- register -->
        <test-method signature="register(java.lang.String,java.lang.String)[pri:0, instance:testCases.RegisterTest@1cf6d1be]" started-at="2023-03-14T18:40:16 CET" name="register" data-provider="testdata" finished-at="2023-03-14T18:40:21 CET" duration-ms="5110" status="PASS">
          <params>
            <param index="0">
              <value>
                <![CDATA[testemail@gmail.com]]>
              </value>
            </param>
            <param index="1">
              <value>
                <![CDATA[testemail]]>
              </value>
            </param>
          </params>
          <reporter-output>
          </reporter-output>
        </test-method> <!-- register -->
        <test-method is-config="true" signature="tearDown()[pri:0, instance:testCases.RegisterTest@1cf6d1be]" started-at="2023-03-14T18:40:21 CET" name="tearDown" finished-at="2023-03-14T18:40:21 CET" duration-ms="547" status="PASS">
          <reporter-output>
          </reporter-output>
        </test-method> <!-- tearDown -->
      </class> <!-- testCases.RegisterTest -->
    </test> <!-- ECommerceTest -->
  </suite> <!-- NopCommerceV1 -->
</testng-results>
