<?xml version="1.0" encoding="UTF-8"?>
<testng-results ignored="114" total="132" passed="16" failed="2" skipped="0">
  <reporter-output>
  </reporter-output>
  <suite started-at="2023-06-27T22:42:50 CEST" name="NopCommerceV1" finished-at="2023-06-27T22:44:13 CEST" duration-ms="83738">
    <groups>
    </groups>
    <test started-at="2023-06-27T22:42:50 CEST" name="TC_RF_001" finished-at="2023-06-27T22:42:58 CEST" duration-ms="8820">
      <class name="testCases.TS_001_Register_Functionality">
        <test-method is-config="true" signature="setup(org.testng.ITestContext,java.lang.String)[pri:0, instance:testCases.TS_001_Register_Functionality@8519cb4]" started-at="2023-06-27T22:42:50 CEST" name="setup" finished-at="2023-06-27T22:42:54 CEST" duration-ms="4311" status="PASS">
          <params>
            <param index="0">
              <value>
                <![CDATA[org.testng.TestRunner@6e8426aa]]>
              </value>
            </param>
            <param index="1">
              <value>
                <![CDATA[chrome]]>
              </value>
            </param>
          </params>
          <reporter-output>
          </reporter-output>
        </test-method> <!-- setup -->
        <test-method signature="TC_RF_001(java.lang.String,java.lang.String,java.lang.String,java.lang.String,java.lang.String)[pri:0, instance:testCases.TS_001_Register_Functionality@8519cb4]" started-at="2023-06-27T22:42:55 CEST" name="TC_RF_001" data-provider="testdata" finished-at="2023-06-27T22:42:58 CEST" duration-ms="3528" status="PASS">
          <params>
            <param index="0">
              <value>
                <![CDATA[Jason]]>
              </value>
            </param>
            <param index="1">
              <value>
                <![CDATA[Bourne]]>
              </value>
            </param>
            <param index="2">
              <value>
                <![CDATA[jasonb@gmail.com]]>
              </value>
            </param>
            <param index="3">
              <value>
                <![CDATA[jasonb]]>
              </value>
            </param>
            <param index="4">
              <value>
                <![CDATA[jasonb]]>
              </value>
            </param>
          </params>
          <reporter-output>
          </reporter-output>
        </test-method> <!-- TC_RF_001 -->
        <test-method is-config="true" signature="check(org.testng.ITestResult)[pri:0, instance:testCases.TS_001_Register_Functionality@8519cb4]" started-at="2023-06-27T22:42:58 CEST" name="check" finished-at="2023-06-27T22:42:58 CEST" duration-ms="17" status="PASS">
          <params>
            <param index="0">
              <value>
                <![CDATA[[TestResult name=TC_RF_001 status=SUCCESS method=TS_001_Register_Functionality.TC_RF_001(java.lang.String,java.lang.String,java.lang.String,java.lang.String,java.lang.String)[pri:0, instance:testCases.TS_001_Register_Functionality@8519cb4] output={null}]]]>
              </value>
            </param>
          </params>
          <reporter-output>
          </reporter-output>
        </test-method> <!-- check -->
        <test-method is-config="true" signature="tearDown()[pri:0, instance:testCases.TS_001_Register_Functionality@8519cb4]" started-at="2023-06-27T22:42:58 CEST" name="tearDown" finished-at="2023-06-27T22:42:58 CEST" duration-ms="188" status="PASS">
          <reporter-output>
          </reporter-output>
        </test-method> <!-- tearDown -->
      </class> <!-- testCases.TS_001_Register_Functionality -->
    </test> <!-- TC_RF_001 -->
    <test started-at="2023-06-27T22:42:58 CEST" name="TC_RF_002" finished-at="2023-06-27T22:43:04 CEST" duration-ms="5282">
      <class name="testCases.TS_001_Register_Functionality">
        <test-method is-config="true" signature="setup(org.testng.ITestContext,java.lang.String)[pri:0, instance:testCases.TS_001_Register_Functionality@2b30a42c]" started-at="2023-06-27T22:42:58 CEST" name="setup" finished-at="2023-06-27T22:42:59 CEST" duration-ms="1127" status="PASS">
          <params>
            <param index="0">
              <value>
                <![CDATA[org.testng.TestRunner@752573df]]>
              </value>
            </param>
            <param index="1">
              <value>
                <![CDATA[chrome]]>
              </value>
            </param>
          </params>
          <reporter-output>
          </reporter-output>
        </test-method> <!-- setup -->
        <test-method signature="TC_RF_002(java.lang.String,java.lang.String,java.lang.String,java.lang.String,java.lang.String)[pri:0, instance:testCases.TS_001_Register_Functionality@2b30a42c]" started-at="2023-06-27T22:43:00 CEST" name="TC_RF_002" data-provider="testdata" finished-at="2023-06-27T22:43:03 CEST" duration-ms="3862" status="PASS">
          <params>
            <param index="0">
              <value>
                <![CDATA[John]]>
              </value>
            </param>
            <param index="1">
              <value>
                <![CDATA[Smith]]>
              </value>
            </param>
            <param index="2">
              <value>
                <![CDATA[johns@gmail.com]]>
              </value>
            </param>
            <param index="3">
              <value>
                <![CDATA[johnsmith]]>
              </value>
            </param>
            <param index="4">
              <value>
                <![CDATA[johnsmith]]>
              </value>
            </param>
          </params>
          <reporter-output>
          </reporter-output>
        </test-method> <!-- TC_RF_002 -->
        <test-method is-config="true" signature="check(org.testng.ITestResult)[pri:0, instance:testCases.TS_001_Register_Functionality@2b30a42c]" started-at="2023-06-27T22:43:03 CEST" name="check" finished-at="2023-06-27T22:43:03 CEST" duration-ms="1" status="PASS">
          <params>
            <param index="0">
              <value>
                <![CDATA[[TestResult name=TC_RF_002 status=SUCCESS method=TS_001_Register_Functionality.TC_RF_002(java.lang.String,java.lang.String,java.lang.String,java.lang.String,java.lang.String)[pri:0, instance:testCases.TS_001_Register_Functionality@2b30a42c] output={null}]]]>
              </value>
            </param>
          </params>
          <reporter-output>
          </reporter-output>
        </test-method> <!-- check -->
        <test-method is-config="true" signature="tearDown()[pri:0, instance:testCases.TS_001_Register_Functionality@2b30a42c]" started-at="2023-06-27T22:43:03 CEST" name="tearDown" finished-at="2023-06-27T22:43:04 CEST" duration-ms="164" status="PASS">
          <reporter-output>
          </reporter-output>
        </test-method> <!-- tearDown -->
      </class> <!-- testCases.TS_001_Register_Functionality -->
    </test> <!-- TC_RF_002 -->
    <test started-at="2023-06-27T22:43:04 CEST" name="TC_RF_003" finished-at="2023-06-27T22:43:07 CEST" duration-ms="3205">
      <class name="testCases.TS_001_Register_Functionality">
        <test-method is-config="true" signature="setup(org.testng.ITestContext,java.lang.String)[pri:0, instance:testCases.TS_001_Register_Functionality@792b749c]" started-at="2023-06-27T22:43:04 CEST" name="setup" finished-at="2023-06-27T22:43:05 CEST" duration-ms="1074" status="PASS">
          <params>
            <param index="0">
              <value>
                <![CDATA[org.testng.TestRunner@6ebf5f26]]>
              </value>
            </param>
            <param index="1">
              <value>
                <![CDATA[chrome]]>
              </value>
            </param>
          </params>
          <reporter-output>
          </reporter-output>
        </test-method> <!-- setup -->
        <test-method signature="TC_RF_003()[pri:0, instance:testCases.TS_001_Register_Functionality@792b749c]" started-at="2023-06-27T22:43:05 CEST" name="TC_RF_003" finished-at="2023-06-27T22:43:07 CEST" duration-ms="1916" status="PASS">
          <reporter-output>
          </reporter-output>
        </test-method> <!-- TC_RF_003 -->
        <test-method is-config="true" signature="check(org.testng.ITestResult)[pri:0, instance:testCases.TS_001_Register_Functionality@792b749c]" started-at="2023-06-27T22:43:07 CEST" name="check" finished-at="2023-06-27T22:43:07 CEST" duration-ms="1" status="PASS">
          <params>
            <param index="0">
              <value>
                <![CDATA[[TestResult name=TC_RF_003 status=SUCCESS method=TS_001_Register_Functionality.TC_RF_003()[pri:0, instance:testCases.TS_001_Register_Functionality@792b749c] output={null}]]]>
              </value>
            </param>
          </params>
          <reporter-output>
          </reporter-output>
        </test-method> <!-- check -->
        <test-method is-config="true" signature="tearDown()[pri:0, instance:testCases.TS_001_Register_Functionality@792b749c]" started-at="2023-06-27T22:43:07 CEST" name="tearDown" finished-at="2023-06-27T22:43:07 CEST" duration-ms="210" status="PASS">
          <reporter-output>
          </reporter-output>
        </test-method> <!-- tearDown -->
      </class> <!-- testCases.TS_001_Register_Functionality -->
    </test> <!-- TC_RF_003 -->
    <test started-at="2023-06-27T22:43:07 CEST" name="TC_RF_004" finished-at="2023-06-27T22:43:10 CEST" duration-ms="3638">
      <class name="testCases.TS_001_Register_Functionality">
        <test-method is-config="true" signature="setup(org.testng.ITestContext,java.lang.String)[pri:0, instance:testCases.TS_001_Register_Functionality@305ffe9e]" started-at="2023-06-27T22:43:07 CEST" name="setup" finished-at="2023-06-27T22:43:08 CEST" duration-ms="1049" status="PASS">
          <params>
            <param index="0">
              <value>
                <![CDATA[org.testng.TestRunner@7a5a26b7]]>
              </value>
            </param>
            <param index="1">
              <value>
                <![CDATA[chrome]]>
              </value>
            </param>
          </params>
          <reporter-output>
          </reporter-output>
        </test-method> <!-- setup -->
        <test-method signature="TC_RF_004(java.lang.String,java.lang.String,java.lang.String,java.lang.String,java.lang.String)[pri:0, instance:testCases.TS_001_Register_Functionality@305ffe9e]" started-at="2023-06-27T22:43:08 CEST" name="TC_RF_004" data-provider="testdata" finished-at="2023-06-27T22:43:10 CEST" duration-ms="2335" status="PASS">
          <params>
            <param index="0">
              <value>
                <![CDATA[Jason]]>
              </value>
            </param>
            <param index="1">
              <value>
                <![CDATA[Bourne]]>
              </value>
            </param>
            <param index="2">
              <value>
                <![CDATA[jasonb4@gmail.com]]>
              </value>
            </param>
            <param index="3">
              <value>
                <![CDATA[jasonb]]>
              </value>
            </param>
            <param index="4">
              <value>
                <![CDATA[jasonb5]]>
              </value>
            </param>
          </params>
          <reporter-output>
          </reporter-output>
        </test-method> <!-- TC_RF_004 -->
        <test-method is-config="true" signature="check(org.testng.ITestResult)[pri:0, instance:testCases.TS_001_Register_Functionality@305ffe9e]" started-at="2023-06-27T22:43:10 CEST" name="check" finished-at="2023-06-27T22:43:10 CEST" duration-ms="1" status="PASS">
          <params>
            <param index="0">
              <value>
                <![CDATA[[TestResult name=TC_RF_004 status=SUCCESS method=TS_001_Register_Functionality.TC_RF_004(java.lang.String,java.lang.String,java.lang.String,java.lang.String,java.lang.String)[pri:0, instance:testCases.TS_001_Register_Functionality@305ffe9e] output={null}]]]>
              </value>
            </param>
          </params>
          <reporter-output>
          </reporter-output>
        </test-method> <!-- check -->
        <test-method is-config="true" signature="tearDown()[pri:0, instance:testCases.TS_001_Register_Functionality@305ffe9e]" started-at="2023-06-27T22:43:10 CEST" name="tearDown" finished-at="2023-06-27T22:43:10 CEST" duration-ms="183" status="PASS">
          <reporter-output>
          </reporter-output>
        </test-method> <!-- tearDown -->
      </class> <!-- testCases.TS_001_Register_Functionality -->
    </test> <!-- TC_RF_004 -->
    <test started-at="2023-06-27T22:43:11 CEST" name="TC_RF_005" finished-at="2023-06-27T22:43:14 CEST" duration-ms="3653">
      <class name="testCases.TS_001_Register_Functionality">
        <test-method is-config="true" signature="setup(org.testng.ITestContext,java.lang.String)[pri:0, instance:testCases.TS_001_Register_Functionality@61c4eee0]" started-at="2023-06-27T22:43:11 CEST" name="setup" finished-at="2023-06-27T22:43:12 CEST" duration-ms="1085" status="PASS">
          <params>
            <param index="0">
              <value>
                <![CDATA[org.testng.TestRunner@3524ee20]]>
              </value>
            </param>
            <param index="1">
              <value>
                <![CDATA[chrome]]>
              </value>
            </param>
          </params>
          <reporter-output>
          </reporter-output>
        </test-method> <!-- setup -->
        <test-method signature="TC_RF_005(java.lang.String,java.lang.String,java.lang.String,java.lang.String,java.lang.String)[pri:0, instance:testCases.TS_001_Register_Functionality@61c4eee0]" started-at="2023-06-27T22:43:12 CEST" name="TC_RF_005" data-provider="testdata" finished-at="2023-06-27T22:43:14 CEST" duration-ms="2301" status="PASS">
          <params>
            <param index="0">
              <value>
                <![CDATA[Jason]]>
              </value>
            </param>
            <param index="1">
              <value>
                <![CDATA[Bourne]]>
              </value>
            </param>
            <param index="2">
              <value>
                <![CDATA[jasonb54@gmail.com]]>
              </value>
            </param>
            <param index="3">
              <value>
                <![CDATA[jasonb]]>
              </value>
            </param>
            <param index="4">
              <value>
                <![CDATA[]]>
              </value>
            </param>
          </params>
          <reporter-output>
          </reporter-output>
        </test-method> <!-- TC_RF_005 -->
        <test-method is-config="true" signature="check(org.testng.ITestResult)[pri:0, instance:testCases.TS_001_Register_Functionality@61c4eee0]" started-at="2023-06-27T22:43:14 CEST" name="check" finished-at="2023-06-27T22:43:14 CEST" duration-ms="1" status="PASS">
          <params>
            <param index="0">
              <value>
                <![CDATA[[TestResult name=TC_RF_005 status=SUCCESS method=TS_001_Register_Functionality.TC_RF_005(java.lang.String,java.lang.String,java.lang.String,java.lang.String,java.lang.String)[pri:0, instance:testCases.TS_001_Register_Functionality@61c4eee0] output={null}]]]>
              </value>
            </param>
          </params>
          <reporter-output>
          </reporter-output>
        </test-method> <!-- check -->
        <test-method is-config="true" signature="tearDown()[pri:0, instance:testCases.TS_001_Register_Functionality@61c4eee0]" started-at="2023-06-27T22:43:14 CEST" name="tearDown" finished-at="2023-06-27T22:43:14 CEST" duration-ms="186" status="PASS">
          <reporter-output>
          </reporter-output>
        </test-method> <!-- tearDown -->
      </class> <!-- testCases.TS_001_Register_Functionality -->
    </test> <!-- TC_RF_005 -->
    <test started-at="2023-06-27T22:43:14 CEST" name="TC_RF_006" finished-at="2023-06-27T22:43:18 CEST" duration-ms="3381">
      <class name="testCases.TS_001_Register_Functionality">
        <test-method is-config="true" signature="setup(org.testng.ITestContext,java.lang.String)[pri:0, instance:testCases.TS_001_Register_Functionality@2a693f59]" started-at="2023-06-27T22:43:14 CEST" name="setup" finished-at="2023-06-27T22:43:15 CEST" duration-ms="985" status="PASS">
          <params>
            <param index="0">
              <value>
                <![CDATA[org.testng.TestRunner@6bc1c8d0]]>
              </value>
            </param>
            <param index="1">
              <value>
                <![CDATA[chrome]]>
              </value>
            </param>
          </params>
          <reporter-output>
          </reporter-output>
        </test-method> <!-- setup -->
        <test-method signature="TC_RF_006(java.lang.String,java.lang.String,java.lang.String,java.lang.String,java.lang.String)[pri:0, instance:testCases.TS_001_Register_Functionality@2a693f59]" started-at="2023-06-27T22:43:15 CEST" name="TC_RF_006" data-provider="testdata" finished-at="2023-06-27T22:43:17 CEST" duration-ms="2133" status="PASS">
          <params>
            <param index="0">
              <value>
                <![CDATA[Jason]]>
              </value>
            </param>
            <param index="1">
              <value>
                <![CDATA[Bourne]]>
              </value>
            </param>
            <param index="2">
              <value>
                <![CDATA[jasonb@gmail.com]]>
              </value>
            </param>
            <param index="3">
              <value>
                <![CDATA[jasonb]]>
              </value>
            </param>
            <param index="4">
              <value>
                <![CDATA[jasonb]]>
              </value>
            </param>
          </params>
          <reporter-output>
          </reporter-output>
        </test-method> <!-- TC_RF_006 -->
        <test-method is-config="true" signature="check(org.testng.ITestResult)[pri:0, instance:testCases.TS_001_Register_Functionality@2a693f59]" started-at="2023-06-27T22:43:17 CEST" name="check" finished-at="2023-06-27T22:43:17 CEST" duration-ms="1" status="PASS">
          <params>
            <param index="0">
              <value>
                <![CDATA[[TestResult name=TC_RF_006 status=SUCCESS method=TS_001_Register_Functionality.TC_RF_006(java.lang.String,java.lang.String,java.lang.String,java.lang.String,java.lang.String)[pri:0, instance:testCases.TS_001_Register_Functionality@2a693f59] output={null}]]]>
              </value>
            </param>
          </params>
          <reporter-output>
          </reporter-output>
        </test-method> <!-- check -->
        <test-method is-config="true" signature="tearDown()[pri:0, instance:testCases.TS_001_Register_Functionality@2a693f59]" started-at="2023-06-27T22:43:17 CEST" name="tearDown" finished-at="2023-06-27T22:43:18 CEST" duration-ms="192" status="PASS">
          <reporter-output>
          </reporter-output>
        </test-method> <!-- tearDown -->
      </class> <!-- testCases.TS_001_Register_Functionality -->
    </test> <!-- TC_RF_006 -->
    <test started-at="2023-06-27T22:43:18 CEST" name="TC_RF_007" finished-at="2023-06-27T22:43:34 CEST" duration-ms="16284">
      <class name="testCases.TS_001_Register_Functionality">
        <test-method is-config="true" signature="setup(org.testng.ITestContext,java.lang.String)[pri:0, instance:testCases.TS_001_Register_Functionality@723ca036]" started-at="2023-06-27T22:43:18 CEST" name="setup" finished-at="2023-06-27T22:43:19 CEST" duration-ms="1036" status="PASS">
          <params>
            <param index="0">
              <value>
                <![CDATA[org.testng.TestRunner@7f93fce1]]>
              </value>
            </param>
            <param index="1">
              <value>
                <![CDATA[chrome]]>
              </value>
            </param>
          </params>
          <reporter-output>
          </reporter-output>
        </test-method> <!-- setup -->
        <test-method signature="TC_RF_007(java.lang.String,java.lang.String,java.lang.String,java.lang.String,java.lang.String)[pri:0, instance:testCases.TS_001_Register_Functionality@723ca036]" started-at="2023-06-27T22:43:19 CEST" name="TC_RF_007" data-provider="testdata" finished-at="2023-06-27T22:43:20 CEST" duration-ms="1811" status="PASS">
          <params>
            <param index="0">
              <value>
                <![CDATA[Jason]]>
              </value>
            </param>
            <param index="1">
              <value>
                <![CDATA[Bourne]]>
              </value>
            </param>
            <param index="2">
              <value>
                <![CDATA[jasonb7]]>
              </value>
            </param>
            <param index="3">
              <value>
                <![CDATA[jasonb]]>
              </value>
            </param>
            <param index="4">
              <value>
                <![CDATA[jasonb]]>
              </value>
            </param>
          </params>
          <reporter-output>
          </reporter-output>
        </test-method> <!-- TC_RF_007 -->
        <test-method is-config="true" signature="check(org.testng.ITestResult)[pri:0, instance:testCases.TS_001_Register_Functionality@723ca036]" started-at="2023-06-27T22:43:20 CEST" name="check" finished-at="2023-06-27T22:43:20 CEST" duration-ms="0" status="PASS">
          <params>
            <param index="0">
              <value>
                <![CDATA[[TestResult name=TC_RF_007 status=SUCCESS method=TS_001_Register_Functionality.TC_RF_007(java.lang.String,java.lang.String,java.lang.String,java.lang.String,java.lang.String)[pri:0, instance:testCases.TS_001_Register_Functionality@723ca036] output={null}]]]>
              </value>
            </param>
          </params>
          <reporter-output>
          </reporter-output>
        </test-method> <!-- check -->
        <test-method signature="TC_RF_007(java.lang.String,java.lang.String,java.lang.String,java.lang.String,java.lang.String)[pri:0, instance:testCases.TS_001_Register_Functionality@723ca036]" started-at="2023-06-27T22:43:20 CEST" name="TC_RF_007" data-provider="testdata" finished-at="2023-06-27T22:43:22 CEST" duration-ms="1348" status="PASS">
          <params>
            <param index="0">
              <value>
                <![CDATA[Jason]]>
              </value>
            </param>
            <param index="1">
              <value>
                <![CDATA[Bourne]]>
              </value>
            </param>
            <param index="2">
              <value>
                <![CDATA[jasonb7@]]>
              </value>
            </param>
            <param index="3">
              <value>
                <![CDATA[jasonb]]>
              </value>
            </param>
            <param index="4">
              <value>
                <![CDATA[jasonb]]>
              </value>
            </param>
          </params>
          <reporter-output>
          </reporter-output>
        </test-method> <!-- TC_RF_007 -->
        <test-method is-config="true" signature="check(org.testng.ITestResult)[pri:0, instance:testCases.TS_001_Register_Functionality@723ca036]" started-at="2023-06-27T22:43:22 CEST" name="check" finished-at="2023-06-27T22:43:22 CEST" duration-ms="2" status="PASS">
          <params>
            <param index="0">
              <value>
                <![CDATA[[TestResult name=TC_RF_007 status=SUCCESS method=TS_001_Register_Functionality.TC_RF_007(java.lang.String,java.lang.String,java.lang.String,java.lang.String,java.lang.String)[pri:0, instance:testCases.TS_001_Register_Functionality@723ca036] output={null}]]]>
              </value>
            </param>
          </params>
          <reporter-output>
          </reporter-output>
        </test-method> <!-- check -->
        <test-method signature="TC_RF_007(java.lang.String,java.lang.String,java.lang.String,java.lang.String,java.lang.String)[pri:0, instance:testCases.TS_001_Register_Functionality@723ca036]" started-at="2023-06-27T22:43:22 CEST" name="TC_RF_007" data-provider="testdata" finished-at="2023-06-27T22:43:33 CEST" duration-ms="11672" status="FAIL">
          <params>
            <param index="0">
              <value>
                <![CDATA[Jason]]>
              </value>
            </param>
            <param index="1">
              <value>
                <![CDATA[Bourne]]>
              </value>
            </param>
            <param index="2">
              <value>
                <![CDATA[jasonb7@gmail]]>
              </value>
            </param>
            <param index="3">
              <value>
                <![CDATA[jasonb]]>
              </value>
            </param>
            <param index="4">
              <value>
                <![CDATA[jasonb]]>
              </value>
            </param>
          </params>
          <exception class="org.openqa.selenium.NoSuchElementException">
            <message>
              <![CDATA[no such element: Unable to locate element: {"method":"css selector","selector":"#Email\-error"}
  (Session info: chrome=114.0.5735.134)
For documentation on this error, please visit: https://selenium.dev/exceptions/#no_such_element
Build info: version: '4.4.0', revision: 'e5c75ed026a'
System info: host: 'DESKTOP-MQ5QUGD', ip: '192.168.0.23', os.name: 'Windows 10', os.arch: 'amd64', os.version: '10.0', java.version: '16.0.2'
Driver info: org.openqa.selenium.chrome.ChromeDriver
Command: [021b2a5540798e8dc4912b8bb4e491f1, findElement {using=id, value=Email-error}]
Capabilities {acceptInsecureCerts: false, browserName: chrome, browserVersion: 114.0.5735.134, chrome: {chromedriverVersion: 114.0.5735.90 (386bc09e8f4f..., userDataDir: C:\Users\janko\AppData\Loca...}, goog:chromeOptions: {debuggerAddress: localhost:52892}, networkConnectionEnabled: false, pageLoadStrategy: normal, platformName: WINDOWS, proxy: Proxy(), se:cdp: ws://localhost:52892/devtoo..., se:cdpVersion: 114.0.5735.134, setWindowRect: true, strictFileInteractability: false, timeouts: {implicit: 0, pageLoad: 300000, script: 30000}, unhandledPromptBehavior: dismiss and notify, webauthn:extension:credBlob: true, webauthn:extension:largeBlob: true, webauthn:extension:minPinLength: true, webauthn:extension:prf: true, webauthn:virtualAuthenticators: true}
Session ID: 021b2a5540798e8dc4912b8bb4e491f1]]>
            </message>
            <full-stacktrace>
              <![CDATA[org.openqa.selenium.NoSuchElementException: no such element: Unable to locate element: {"method":"css selector","selector":"#Email\-error"}
  (Session info: chrome=114.0.5735.134)
For documentation on this error, please visit: https://selenium.dev/exceptions/#no_such_element
Build info: version: '4.4.0', revision: 'e5c75ed026a'
System info: host: 'DESKTOP-MQ5QUGD', ip: '192.168.0.23', os.name: 'Windows 10', os.arch: 'amd64', os.version: '10.0', java.version: '16.0.2'
Driver info: org.openqa.selenium.chrome.ChromeDriver
Command: [021b2a5540798e8dc4912b8bb4e491f1, findElement {using=id, value=Email-error}]
Capabilities {acceptInsecureCerts: false, browserName: chrome, browserVersion: 114.0.5735.134, chrome: {chromedriverVersion: 114.0.5735.90 (386bc09e8f4f..., userDataDir: C:\Users\janko\AppData\Loca...}, goog:chromeOptions: {debuggerAddress: localhost:52892}, networkConnectionEnabled: false, pageLoadStrategy: normal, platformName: WINDOWS, proxy: Proxy(), se:cdp: ws://localhost:52892/devtoo..., se:cdpVersion: 114.0.5735.134, setWindowRect: true, strictFileInteractability: false, timeouts: {implicit: 0, pageLoad: 300000, script: 30000}, unhandledPromptBehavior: dismiss and notify, webauthn:extension:credBlob: true, webauthn:extension:largeBlob: true, webauthn:extension:minPinLength: true, webauthn:extension:prf: true, webauthn:virtualAuthenticators: true}
Session ID: 021b2a5540798e8dc4912b8bb4e491f1
at java.base/jdk.internal.reflect.NativeConstructorAccessorImpl.newInstance0(Native Method)
at java.base/jdk.internal.reflect.NativeConstructorAccessorImpl.newInstance(NativeConstructorAccessorImpl.java:78)
at java.base/jdk.internal.reflect.DelegatingConstructorAccessorImpl.newInstance(DelegatingConstructorAccessorImpl.java:45)
at java.base/java.lang.reflect.Constructor.newInstanceWithCaller(Constructor.java:499)
at java.base/java.lang.reflect.Constructor.newInstance(Constructor.java:480)
at org.openqa.selenium.remote.codec.w3c.W3CHttpResponseCodec.createException(W3CHttpResponseCodec.java:200)
at org.openqa.selenium.remote.codec.w3c.W3CHttpResponseCodec.decode(W3CHttpResponseCodec.java:133)
at org.openqa.selenium.remote.codec.w3c.W3CHttpResponseCodec.decode(W3CHttpResponseCodec.java:53)
at org.openqa.selenium.remote.HttpCommandExecutor.execute(HttpCommandExecutor.java:184)
at org.openqa.selenium.remote.service.DriverCommandExecutor.invokeExecute(DriverCommandExecutor.java:167)
at org.openqa.selenium.remote.service.DriverCommandExecutor.execute(DriverCommandExecutor.java:142)
at org.openqa.selenium.remote.RemoteWebDriver.execute(RemoteWebDriver.java:547)
at org.openqa.selenium.remote.ElementLocation$ElementFinder$2.findElement(ElementLocation.java:162)
at org.openqa.selenium.remote.ElementLocation.findElement(ElementLocation.java:60)
at org.openqa.selenium.remote.RemoteWebDriver.findElement(RemoteWebDriver.java:365)
at org.openqa.selenium.remote.RemoteWebDriver.findElement(RemoteWebDriver.java:357)
at org.openqa.selenium.support.pagefactory.DefaultElementLocator.findElement(DefaultElementLocator.java:70)
at org.openqa.selenium.support.pagefactory.internal.LocatingElementHandler.invoke(LocatingElementHandler.java:39)
at jdk.proxy2/jdk.proxy2.$Proxy38.isDisplayed(Unknown Source)
at testCases.TS_001_Register_Functionality.TC_RF_007(TS_001_Register_Functionality.java:143)
at java.base/jdk.internal.reflect.NativeMethodAccessorImpl.invoke0(Native Method)
at java.base/jdk.internal.reflect.NativeMethodAccessorImpl.invoke(NativeMethodAccessorImpl.java:78)
at java.base/jdk.internal.reflect.DelegatingMethodAccessorImpl.invoke(DelegatingMethodAccessorImpl.java:43)
at java.base/java.lang.reflect.Method.invoke(Method.java:567)
at org.testng.internal.invokers.MethodInvocationHelper.invokeMethod(MethodInvocationHelper.java:139)
at org.testng.internal.invokers.TestInvoker.invokeMethod(TestInvoker.java:677)
at org.testng.internal.invokers.TestInvoker.invokeTestMethod(TestInvoker.java:221)
at org.testng.internal.invokers.MethodRunner.runInSequence(MethodRunner.java:50)
at org.testng.internal.invokers.TestInvoker$MethodInvocationAgent.invoke(TestInvoker.java:962)
at org.testng.internal.invokers.TestInvoker.invokeTestMethods(TestInvoker.java:194)
at org.testng.internal.invokers.TestMethodWorker.invokeTestMethods(TestMethodWorker.java:148)
at org.testng.internal.invokers.TestMethodWorker.run(TestMethodWorker.java:128)
at java.base/java.util.ArrayList.forEach(ArrayList.java:1511)
at org.testng.TestRunner.privateRun(TestRunner.java:806)
at org.testng.TestRunner.run(TestRunner.java:601)
at org.testng.SuiteRunner.runTest(SuiteRunner.java:433)
at org.testng.SuiteRunner.runSequentially(SuiteRunner.java:427)
at org.testng.SuiteRunner.privateRun(SuiteRunner.java:387)
at org.testng.SuiteRunner.run(SuiteRunner.java:330)
at org.testng.SuiteRunnerWorker.runSuite(SuiteRunnerWorker.java:52)
at org.testng.SuiteRunnerWorker.run(SuiteRunnerWorker.java:95)
at org.testng.TestNG.runSuitesSequentially(TestNG.java:1256)
at org.testng.TestNG.runSuitesLocally(TestNG.java:1176)
at org.testng.TestNG.runSuites(TestNG.java:1099)
at org.testng.TestNG.run(TestNG.java:1067)
at org.testng.remote.AbstractRemoteTestNG.run(AbstractRemoteTestNG.java:115)
at org.testng.remote.RemoteTestNG.initAndRun(RemoteTestNG.java:251)
at org.testng.remote.RemoteTestNG.main(RemoteTestNG.java:77)
]]>
            </full-stacktrace>
          </exception> <!-- org.openqa.selenium.NoSuchElementException -->
          <reporter-output>
          </reporter-output>
        </test-method> <!-- TC_RF_007 -->
        <test-method is-config="true" signature="check(org.testng.ITestResult)[pri:0, instance:testCases.TS_001_Register_Functionality@723ca036]" started-at="2023-06-27T22:43:34 CEST" name="check" finished-at="2023-06-27T22:43:34 CEST" duration-ms="149" status="PASS">
          <params>
            <param index="0">
              <value>
                <![CDATA[[TestResult name=TC_RF_007 status=FAILURE method=TS_001_Register_Functionality.TC_RF_007(java.lang.String,java.lang.String,java.lang.String,java.lang.String,java.lang.String)[pri:0, instance:testCases.TS_001_Register_Functionality@723ca036] output={null}]]]>
              </value>
            </param>
          </params>
          <reporter-output>
          </reporter-output>
        </test-method> <!-- check -->
        <test-method is-config="true" signature="tearDown()[pri:0, instance:testCases.TS_001_Register_Functionality@723ca036]" started-at="2023-06-27T22:43:34 CEST" name="tearDown" finished-at="2023-06-27T22:43:34 CEST" duration-ms="181" status="PASS">
          <reporter-output>
          </reporter-output>
        </test-method> <!-- tearDown -->
      </class> <!-- testCases.TS_001_Register_Functionality -->
    </test> <!-- TC_RF_007 -->
    <test started-at="2023-06-27T22:43:34 CEST" name="TC_RF_008" finished-at="2023-06-27T22:43:47 CEST" duration-ms="13161">
      <class name="testCases.TS_001_Register_Functionality">
        <test-method is-config="true" signature="setup(org.testng.ITestContext,java.lang.String)[pri:0, instance:testCases.TS_001_Register_Functionality@4c163e3]" started-at="2023-06-27T22:43:34 CEST" name="setup" finished-at="2023-06-27T22:43:35 CEST" duration-ms="923" status="PASS">
          <params>
            <param index="0">
              <value>
                <![CDATA[org.testng.TestRunner@5457123a]]>
              </value>
            </param>
            <param index="1">
              <value>
                <![CDATA[chrome]]>
              </value>
            </param>
          </params>
          <reporter-output>
          </reporter-output>
        </test-method> <!-- setup -->
        <test-method signature="TC_RF_008(java.lang.String,java.lang.String,java.lang.String,java.lang.String,java.lang.String)[pri:0, instance:testCases.TS_001_Register_Functionality@4c163e3]" started-at="2023-06-27T22:43:35 CEST" name="TC_RF_008" data-provider="testdata" finished-at="2023-06-27T22:43:47 CEST" duration-ms="11841" status="FAIL">
          <params>
            <param index="0">
              <value>
                <![CDATA[      ]]>
              </value>
            </param>
            <param index="1">
              <value>
                <![CDATA[      ]]>
              </value>
            </param>
            <param index="2">
              <value>
                <![CDATA[      ]]>
              </value>
            </param>
            <param index="3">
              <value>
                <![CDATA[      ]]>
              </value>
            </param>
            <param index="4">
              <value>
                <![CDATA[      ]]>
              </value>
            </param>
          </params>
          <exception class="org.openqa.selenium.NoSuchElementException">
            <message>
              <![CDATA[no such element: Unable to locate element: {"method":"css selector","selector":"#FirstName\-error"}
  (Session info: chrome=114.0.5735.134)
For documentation on this error, please visit: https://selenium.dev/exceptions/#no_such_element
Build info: version: '4.4.0', revision: 'e5c75ed026a'
System info: host: 'DESKTOP-MQ5QUGD', ip: '192.168.0.23', os.name: 'Windows 10', os.arch: 'amd64', os.version: '10.0', java.version: '16.0.2'
Driver info: org.openqa.selenium.chrome.ChromeDriver
Command: [25f97dcebd8575a2bc20cc6484f3b4e4, findElement {using=id, value=FirstName-error}]
Capabilities {acceptInsecureCerts: false, browserName: chrome, browserVersion: 114.0.5735.134, chrome: {chromedriverVersion: 114.0.5735.90 (386bc09e8f4f..., userDataDir: C:\Users\janko\AppData\Loca...}, goog:chromeOptions: {debuggerAddress: localhost:52915}, networkConnectionEnabled: false, pageLoadStrategy: normal, platformName: WINDOWS, proxy: Proxy(), se:cdp: ws://localhost:52915/devtoo..., se:cdpVersion: 114.0.5735.134, setWindowRect: true, strictFileInteractability: false, timeouts: {implicit: 0, pageLoad: 300000, script: 30000}, unhandledPromptBehavior: dismiss and notify, webauthn:extension:credBlob: true, webauthn:extension:largeBlob: true, webauthn:extension:minPinLength: true, webauthn:extension:prf: true, webauthn:virtualAuthenticators: true}
Session ID: 25f97dcebd8575a2bc20cc6484f3b4e4]]>
            </message>
            <full-stacktrace>
              <![CDATA[org.openqa.selenium.NoSuchElementException: no such element: Unable to locate element: {"method":"css selector","selector":"#FirstName\-error"}
  (Session info: chrome=114.0.5735.134)
For documentation on this error, please visit: https://selenium.dev/exceptions/#no_such_element
Build info: version: '4.4.0', revision: 'e5c75ed026a'
System info: host: 'DESKTOP-MQ5QUGD', ip: '192.168.0.23', os.name: 'Windows 10', os.arch: 'amd64', os.version: '10.0', java.version: '16.0.2'
Driver info: org.openqa.selenium.chrome.ChromeDriver
Command: [25f97dcebd8575a2bc20cc6484f3b4e4, findElement {using=id, value=FirstName-error}]
Capabilities {acceptInsecureCerts: false, browserName: chrome, browserVersion: 114.0.5735.134, chrome: {chromedriverVersion: 114.0.5735.90 (386bc09e8f4f..., userDataDir: C:\Users\janko\AppData\Loca...}, goog:chromeOptions: {debuggerAddress: localhost:52915}, networkConnectionEnabled: false, pageLoadStrategy: normal, platformName: WINDOWS, proxy: Proxy(), se:cdp: ws://localhost:52915/devtoo..., se:cdpVersion: 114.0.5735.134, setWindowRect: true, strictFileInteractability: false, timeouts: {implicit: 0, pageLoad: 300000, script: 30000}, unhandledPromptBehavior: dismiss and notify, webauthn:extension:credBlob: true, webauthn:extension:largeBlob: true, webauthn:extension:minPinLength: true, webauthn:extension:prf: true, webauthn:virtualAuthenticators: true}
Session ID: 25f97dcebd8575a2bc20cc6484f3b4e4
at java.base/jdk.internal.reflect.NativeConstructorAccessorImpl.newInstance0(Native Method)
at java.base/jdk.internal.reflect.NativeConstructorAccessorImpl.newInstance(NativeConstructorAccessorImpl.java:78)
at java.base/jdk.internal.reflect.DelegatingConstructorAccessorImpl.newInstance(DelegatingConstructorAccessorImpl.java:45)
at java.base/java.lang.reflect.Constructor.newInstanceWithCaller(Constructor.java:499)
at java.base/java.lang.reflect.Constructor.newInstance(Constructor.java:480)
at org.openqa.selenium.remote.codec.w3c.W3CHttpResponseCodec.createException(W3CHttpResponseCodec.java:200)
at org.openqa.selenium.remote.codec.w3c.W3CHttpResponseCodec.decode(W3CHttpResponseCodec.java:133)
at org.openqa.selenium.remote.codec.w3c.W3CHttpResponseCodec.decode(W3CHttpResponseCodec.java:53)
at org.openqa.selenium.remote.HttpCommandExecutor.execute(HttpCommandExecutor.java:184)
at org.openqa.selenium.remote.service.DriverCommandExecutor.invokeExecute(DriverCommandExecutor.java:167)
at org.openqa.selenium.remote.service.DriverCommandExecutor.execute(DriverCommandExecutor.java:142)
at org.openqa.selenium.remote.RemoteWebDriver.execute(RemoteWebDriver.java:547)
at org.openqa.selenium.remote.ElementLocation$ElementFinder$2.findElement(ElementLocation.java:162)
at org.openqa.selenium.remote.ElementLocation.findElement(ElementLocation.java:60)
at org.openqa.selenium.remote.RemoteWebDriver.findElement(RemoteWebDriver.java:365)
at org.openqa.selenium.remote.RemoteWebDriver.findElement(RemoteWebDriver.java:357)
at org.openqa.selenium.support.pagefactory.DefaultElementLocator.findElement(DefaultElementLocator.java:70)
at org.openqa.selenium.support.pagefactory.internal.LocatingElementHandler.invoke(LocatingElementHandler.java:39)
at jdk.proxy2/jdk.proxy2.$Proxy38.isDisplayed(Unknown Source)
at testCases.TS_001_Register_Functionality.TC_RF_008(TS_001_Register_Functionality.java:164)
at java.base/jdk.internal.reflect.NativeMethodAccessorImpl.invoke0(Native Method)
at java.base/jdk.internal.reflect.NativeMethodAccessorImpl.invoke(NativeMethodAccessorImpl.java:78)
at java.base/jdk.internal.reflect.DelegatingMethodAccessorImpl.invoke(DelegatingMethodAccessorImpl.java:43)
at java.base/java.lang.reflect.Method.invoke(Method.java:567)
at org.testng.internal.invokers.MethodInvocationHelper.invokeMethod(MethodInvocationHelper.java:139)
at org.testng.internal.invokers.TestInvoker.invokeMethod(TestInvoker.java:677)
at org.testng.internal.invokers.TestInvoker.invokeTestMethod(TestInvoker.java:221)
at org.testng.internal.invokers.MethodRunner.runInSequence(MethodRunner.java:50)
at org.testng.internal.invokers.TestInvoker$MethodInvocationAgent.invoke(TestInvoker.java:962)
at org.testng.internal.invokers.TestInvoker.invokeTestMethods(TestInvoker.java:194)
at org.testng.internal.invokers.TestMethodWorker.invokeTestMethods(TestMethodWorker.java:148)
at org.testng.internal.invokers.TestMethodWorker.run(TestMethodWorker.java:128)
at java.base/java.util.ArrayList.forEach(ArrayList.java:1511)
at org.testng.TestRunner.privateRun(TestRunner.java:806)
at org.testng.TestRunner.run(TestRunner.java:601)
at org.testng.SuiteRunner.runTest(SuiteRunner.java:433)
at org.testng.SuiteRunner.runSequentially(SuiteRunner.java:427)
at org.testng.SuiteRunner.privateRun(SuiteRunner.java:387)
at org.testng.SuiteRunner.run(SuiteRunner.java:330)
at org.testng.SuiteRunnerWorker.runSuite(SuiteRunnerWorker.java:52)
at org.testng.SuiteRunnerWorker.run(SuiteRunnerWorker.java:95)
at org.testng.TestNG.runSuitesSequentially(TestNG.java:1256)
at org.testng.TestNG.runSuitesLocally(TestNG.java:1176)
at org.testng.TestNG.runSuites(TestNG.java:1099)
at org.testng.TestNG.run(TestNG.java:1067)
at org.testng.remote.AbstractRemoteTestNG.run(AbstractRemoteTestNG.java:115)
at org.testng.remote.RemoteTestNG.initAndRun(RemoteTestNG.java:251)
at org.testng.remote.RemoteTestNG.main(RemoteTestNG.java:77)
]]>
            </full-stacktrace>
          </exception> <!-- org.openqa.selenium.NoSuchElementException -->
          <reporter-output>
          </reporter-output>
        </test-method> <!-- TC_RF_008 -->
        <test-method is-config="true" signature="check(org.testng.ITestResult)[pri:0, instance:testCases.TS_001_Register_Functionality@4c163e3]" started-at="2023-06-27T22:43:47 CEST" name="check" finished-at="2023-06-27T22:43:47 CEST" duration-ms="127" status="PASS">
          <params>
            <param index="0">
              <value>
                <![CDATA[[TestResult name=TC_RF_008 status=FAILURE method=TS_001_Register_Functionality.TC_RF_008(java.lang.String,java.lang.String,java.lang.String,java.lang.String,java.lang.String)[pri:0, instance:testCases.TS_001_Register_Functionality@4c163e3] output={null}]]]>
              </value>
            </param>
          </params>
          <reporter-output>
          </reporter-output>
        </test-method> <!-- check -->
        <test-method is-config="true" signature="tearDown()[pri:0, instance:testCases.TS_001_Register_Functionality@4c163e3]" started-at="2023-06-27T22:43:47 CEST" name="tearDown" finished-at="2023-06-27T22:43:47 CEST" duration-ms="181" status="PASS">
          <reporter-output>
          </reporter-output>
        </test-method> <!-- tearDown -->
      </class> <!-- testCases.TS_001_Register_Functionality -->
    </test> <!-- TC_RF_008 -->
    <test started-at="2023-06-27T22:43:47 CEST" name="TC_RF_009" finished-at="2023-06-27T22:43:51 CEST" duration-ms="3585">
      <class name="testCases.TS_001_Register_Functionality">
        <test-method is-config="true" signature="setup(org.testng.ITestContext,java.lang.String)[pri:0, instance:testCases.TS_001_Register_Functionality@536f2a7e]" started-at="2023-06-27T22:43:47 CEST" name="setup" finished-at="2023-06-27T22:43:48 CEST" duration-ms="1047" status="PASS">
          <params>
            <param index="0">
              <value>
                <![CDATA[org.testng.TestRunner@4690a37e]]>
              </value>
            </param>
            <param index="1">
              <value>
                <![CDATA[chrome]]>
              </value>
            </param>
          </params>
          <reporter-output>
          </reporter-output>
        </test-method> <!-- setup -->
        <test-method signature="TC_RF_009(java.lang.String,java.lang.String,java.lang.String,java.lang.String,java.lang.String)[pri:0, instance:testCases.TS_001_Register_Functionality@536f2a7e]" started-at="2023-06-27T22:43:48 CEST" name="TC_RF_009" data-provider="testdata" finished-at="2023-06-27T22:43:50 CEST" duration-ms="2256" status="PASS">
          <params>
            <param index="0">
              <value>
                <![CDATA[Jason]]>
              </value>
            </param>
            <param index="1">
              <value>
                <![CDATA[Bourne]]>
              </value>
            </param>
            <param index="2">
              <value>
                <![CDATA[jasonb9@gmail.com]]>
              </value>
            </param>
            <param index="3">
              <value>
                <![CDATA[123]]>
              </value>
            </param>
            <param index="4">
              <value>
                <![CDATA[123]]>
              </value>
            </param>
          </params>
          <reporter-output>
          </reporter-output>
        </test-method> <!-- TC_RF_009 -->
        <test-method is-config="true" signature="check(org.testng.ITestResult)[pri:0, instance:testCases.TS_001_Register_Functionality@536f2a7e]" started-at="2023-06-27T22:43:50 CEST" name="check" finished-at="2023-06-27T22:43:50 CEST" duration-ms="1" status="PASS">
          <params>
            <param index="0">
              <value>
                <![CDATA[[TestResult name=TC_RF_009 status=SUCCESS method=TS_001_Register_Functionality.TC_RF_009(java.lang.String,java.lang.String,java.lang.String,java.lang.String,java.lang.String)[pri:0, instance:testCases.TS_001_Register_Functionality@536f2a7e] output={null}]]]>
              </value>
            </param>
          </params>
          <reporter-output>
          </reporter-output>
        </test-method> <!-- check -->
        <test-method is-config="true" signature="tearDown()[pri:0, instance:testCases.TS_001_Register_Functionality@536f2a7e]" started-at="2023-06-27T22:43:50 CEST" name="tearDown" finished-at="2023-06-27T22:43:51 CEST" duration-ms="199" status="PASS">
          <reporter-output>
          </reporter-output>
        </test-method> <!-- tearDown -->
      </class> <!-- testCases.TS_001_Register_Functionality -->
    </test> <!-- TC_RF_009 -->
    <test started-at="2023-06-27T22:43:51 CEST" name="TC_LF_001" finished-at="2023-06-27T22:43:54 CEST" duration-ms="3118">
      <class name="testCases.TS_002_Login_Functionality">
        <test-method is-config="true" signature="setup(org.testng.ITestContext,java.lang.String)[pri:0, instance:testCases.TS_002_Login_Functionality@5c80cf32]" started-at="2023-06-27T22:43:51 CEST" name="setup" finished-at="2023-06-27T22:43:51 CEST" duration-ms="876" status="PASS">
          <params>
            <param index="0">
              <value>
                <![CDATA[org.testng.TestRunner@23f27434]]>
              </value>
            </param>
            <param index="1">
              <value>
                <![CDATA[chrome]]>
              </value>
            </param>
          </params>
          <reporter-output>
          </reporter-output>
        </test-method> <!-- setup -->
        <test-method signature="TC_LF_001()[pri:0, instance:testCases.TS_002_Login_Functionality@5c80cf32]" started-at="2023-06-27T22:43:51 CEST" name="TC_LF_001" finished-at="2023-06-27T22:43:54 CEST" duration-ms="2054" status="PASS">
          <reporter-output>
          </reporter-output>
        </test-method> <!-- TC_LF_001 -->
        <test-method is-config="true" signature="check(org.testng.ITestResult)[pri:0, instance:testCases.TS_002_Login_Functionality@5c80cf32]" started-at="2023-06-27T22:43:54 CEST" name="check" finished-at="2023-06-27T22:43:54 CEST" duration-ms="1" status="PASS">
          <params>
            <param index="0">
              <value>
                <![CDATA[[TestResult name=TC_LF_001 status=SUCCESS method=TS_002_Login_Functionality.TC_LF_001()[pri:0, instance:testCases.TS_002_Login_Functionality@5c80cf32] output={null}]]]>
              </value>
            </param>
          </params>
          <reporter-output>
          </reporter-output>
        </test-method> <!-- check -->
        <test-method is-config="true" signature="tearDown()[pri:0, instance:testCases.TS_002_Login_Functionality@5c80cf32]" started-at="2023-06-27T22:43:54 CEST" name="tearDown" finished-at="2023-06-27T22:43:54 CEST" duration-ms="183" status="PASS">
          <reporter-output>
          </reporter-output>
        </test-method> <!-- tearDown -->
      </class> <!-- testCases.TS_002_Login_Functionality -->
    </test> <!-- TC_LF_001 -->
    <test started-at="2023-06-27T22:43:54 CEST" name="TC_LF_002" finished-at="2023-06-27T22:43:57 CEST" duration-ms="3195">
      <class name="testCases.TS_002_Login_Functionality">
        <test-method is-config="true" signature="setup(org.testng.ITestContext,java.lang.String)[pri:0, instance:testCases.TS_002_Login_Functionality@673fdbce]" started-at="2023-06-27T22:43:54 CEST" name="setup" finished-at="2023-06-27T22:43:55 CEST" duration-ms="1145" status="PASS">
          <params>
            <param index="0">
              <value>
                <![CDATA[org.testng.TestRunner@43e6f05f]]>
              </value>
            </param>
            <param index="1">
              <value>
                <![CDATA[chrome]]>
              </value>
            </param>
          </params>
          <reporter-output>
          </reporter-output>
        </test-method> <!-- setup -->
        <test-method signature="TC_LF_002(java.lang.String,java.lang.String)[pri:0, instance:testCases.TS_002_Login_Functionality@673fdbce]" started-at="2023-06-27T22:43:55 CEST" name="TC_LF_002" data-provider="testdata" finished-at="2023-06-27T22:43:57 CEST" duration-ms="1791" status="PASS">
          <params>
            <param index="0">
              <value>
                <![CDATA[lukes2@gmail.com]]>
              </value>
            </param>
            <param index="1">
              <value>
                <![CDATA[987123]]>
              </value>
            </param>
          </params>
          <reporter-output>
          </reporter-output>
        </test-method> <!-- TC_LF_002 -->
        <test-method is-config="true" signature="check(org.testng.ITestResult)[pri:0, instance:testCases.TS_002_Login_Functionality@673fdbce]" started-at="2023-06-27T22:43:57 CEST" name="check" finished-at="2023-06-27T22:43:57 CEST" duration-ms="0" status="PASS">
          <params>
            <param index="0">
              <value>
                <![CDATA[[TestResult name=TC_LF_002 status=SUCCESS method=TS_002_Login_Functionality.TC_LF_002(java.lang.String,java.lang.String)[pri:0, instance:testCases.TS_002_Login_Functionality@673fdbce] output={null}]]]>
              </value>
            </param>
          </params>
          <reporter-output>
          </reporter-output>
        </test-method> <!-- check -->
        <test-method is-config="true" signature="tearDown()[pri:0, instance:testCases.TS_002_Login_Functionality@673fdbce]" started-at="2023-06-27T22:43:57 CEST" name="tearDown" finished-at="2023-06-27T22:43:57 CEST" duration-ms="185" status="PASS">
          <reporter-output>
          </reporter-output>
        </test-method> <!-- tearDown -->
      </class> <!-- testCases.TS_002_Login_Functionality -->
    </test> <!-- TC_LF_002 -->
    <test started-at="2023-06-27T22:43:57 CEST" name="TC_LF_003" finished-at="2023-06-27T22:44:00 CEST" duration-ms="3063">
      <class name="testCases.TS_002_Login_Functionality">
        <test-method is-config="true" signature="setup(org.testng.ITestContext,java.lang.String)[pri:0, instance:testCases.TS_002_Login_Functionality@6cb107fd]" started-at="2023-06-27T22:43:57 CEST" name="setup" finished-at="2023-06-27T22:43:58 CEST" duration-ms="1010" status="PASS">
          <params>
            <param index="0">
              <value>
                <![CDATA[org.testng.TestRunner@2fccfcdb]]>
              </value>
            </param>
            <param index="1">
              <value>
                <![CDATA[chrome]]>
              </value>
            </param>
          </params>
          <reporter-output>
          </reporter-output>
        </test-method> <!-- setup -->
        <test-method signature="TC_LF_003(java.lang.String,java.lang.String)[pri:0, instance:testCases.TS_002_Login_Functionality@6cb107fd]" started-at="2023-06-27T22:43:58 CEST" name="TC_LF_003" data-provider="testdata" finished-at="2023-06-27T22:44:00 CEST" duration-ms="1827" status="PASS">
          <params>
            <param index="0">
              <value>
                <![CDATA[jasonb@gmail.com]]>
              </value>
            </param>
            <param index="1">
              <value>
                <![CDATA[987123]]>
              </value>
            </param>
          </params>
          <reporter-output>
          </reporter-output>
        </test-method> <!-- TC_LF_003 -->
        <test-method is-config="true" signature="check(org.testng.ITestResult)[pri:0, instance:testCases.TS_002_Login_Functionality@6cb107fd]" started-at="2023-06-27T22:44:00 CEST" name="check" finished-at="2023-06-27T22:44:00 CEST" duration-ms="1" status="PASS">
          <params>
            <param index="0">
              <value>
                <![CDATA[[TestResult name=TC_LF_003 status=SUCCESS method=TS_002_Login_Functionality.TC_LF_003(java.lang.String,java.lang.String)[pri:0, instance:testCases.TS_002_Login_Functionality@6cb107fd] output={null}]]]>
              </value>
            </param>
          </params>
          <reporter-output>
          </reporter-output>
        </test-method> <!-- check -->
        <test-method is-config="true" signature="tearDown()[pri:0, instance:testCases.TS_002_Login_Functionality@6cb107fd]" started-at="2023-06-27T22:44:00 CEST" name="tearDown" finished-at="2023-06-27T22:44:00 CEST" duration-ms="184" status="PASS">
          <reporter-output>
          </reporter-output>
        </test-method> <!-- tearDown -->
      </class> <!-- testCases.TS_002_Login_Functionality -->
    </test> <!-- TC_LF_003 -->
    <test started-at="2023-06-27T22:44:00 CEST" name="TC_LF_004" finished-at="2023-06-27T22:44:03 CEST" duration-ms="2541">
      <class name="testCases.TS_002_Login_Functionality">
        <test-method is-config="true" signature="setup(org.testng.ITestContext,java.lang.String)[pri:0, instance:testCases.TS_002_Login_Functionality@eadd4fb]" started-at="2023-06-27T22:44:00 CEST" name="setup" finished-at="2023-06-27T22:44:01 CEST" duration-ms="1096" status="PASS">
          <params>
            <param index="0">
              <value>
                <![CDATA[org.testng.TestRunner@6c04310f]]>
              </value>
            </param>
            <param index="1">
              <value>
                <![CDATA[chrome]]>
              </value>
            </param>
          </params>
          <reporter-output>
          </reporter-output>
        </test-method> <!-- setup -->
        <test-method signature="TC_LF_004()[pri:0, instance:testCases.TS_002_Login_Functionality@eadd4fb]" started-at="2023-06-27T22:44:01 CEST" name="TC_LF_004" finished-at="2023-06-27T22:44:02 CEST" duration-ms="1250" status="PASS">
          <reporter-output>
          </reporter-output>
        </test-method> <!-- TC_LF_004 -->
        <test-method is-config="true" signature="check(org.testng.ITestResult)[pri:0, instance:testCases.TS_002_Login_Functionality@eadd4fb]" started-at="2023-06-27T22:44:02 CEST" name="check" finished-at="2023-06-27T22:44:02 CEST" duration-ms="1" status="PASS">
          <params>
            <param index="0">
              <value>
                <![CDATA[[TestResult name=TC_LF_004 status=SUCCESS method=TS_002_Login_Functionality.TC_LF_004()[pri:0, instance:testCases.TS_002_Login_Functionality@eadd4fb] output={null}]]]>
              </value>
            </param>
          </params>
          <reporter-output>
          </reporter-output>
        </test-method> <!-- check -->
        <test-method is-config="true" signature="tearDown()[pri:0, instance:testCases.TS_002_Login_Functionality@eadd4fb]" started-at="2023-06-27T22:44:02 CEST" name="tearDown" finished-at="2023-06-27T22:44:03 CEST" duration-ms="192" status="PASS">
          <reporter-output>
          </reporter-output>
        </test-method> <!-- tearDown -->
      </class> <!-- testCases.TS_002_Login_Functionality -->
    </test> <!-- TC_LF_004 -->
    <test started-at="2023-06-27T22:44:03 CEST" name="TC_LF_005" finished-at="2023-06-27T22:44:05 CEST" duration-ms="2732">
      <class name="testCases.TS_002_Login_Functionality">
        <test-method is-config="true" signature="setup(org.testng.ITestContext,java.lang.String)[pri:0, instance:testCases.TS_002_Login_Functionality@2a8448fa]" started-at="2023-06-27T22:44:03 CEST" name="setup" finished-at="2023-06-27T22:44:04 CEST" duration-ms="1038" status="PASS">
          <params>
            <param index="0">
              <value>
                <![CDATA[org.testng.TestRunner@5ce7ab6f]]>
              </value>
            </param>
            <param index="1">
              <value>
                <![CDATA[chrome]]>
              </value>
            </param>
          </params>
          <reporter-output>
          </reporter-output>
        </test-method> <!-- setup -->
        <test-method signature="TC_LF_005()[pri:0, instance:testCases.TS_002_Login_Functionality@2a8448fa]" started-at="2023-06-27T22:44:04 CEST" name="TC_LF_005" finished-at="2023-06-27T22:44:05 CEST" duration-ms="1512" status="PASS">
          <reporter-output>
          </reporter-output>
        </test-method> <!-- TC_LF_005 -->
        <test-method is-config="true" signature="check(org.testng.ITestResult)[pri:0, instance:testCases.TS_002_Login_Functionality@2a8448fa]" started-at="2023-06-27T22:44:05 CEST" name="check" finished-at="2023-06-27T22:44:05 CEST" duration-ms="1" status="PASS">
          <params>
            <param index="0">
              <value>
                <![CDATA[[TestResult name=TC_LF_005 status=SUCCESS method=TS_002_Login_Functionality.TC_LF_005()[pri:0, instance:testCases.TS_002_Login_Functionality@2a8448fa] output={null}]]]>
              </value>
            </param>
          </params>
          <reporter-output>
          </reporter-output>
        </test-method> <!-- check -->
        <test-method is-config="true" signature="tearDown()[pri:0, instance:testCases.TS_002_Login_Functionality@2a8448fa]" started-at="2023-06-27T22:44:05 CEST" name="tearDown" finished-at="2023-06-27T22:44:05 CEST" duration-ms="176" status="PASS">
          <reporter-output>
          </reporter-output>
        </test-method> <!-- tearDown -->
      </class> <!-- testCases.TS_002_Login_Functionality -->
    </test> <!-- TC_LF_005 -->
    <test started-at="2023-06-27T22:44:05 CEST" name="TC_LF_006" finished-at="2023-06-27T22:44:09 CEST" duration-ms="3692">
      <class name="testCases.TS_002_Login_Functionality">
        <test-method is-config="true" signature="setup(org.testng.ITestContext,java.lang.String)[pri:0, instance:testCases.TS_002_Login_Functionality@3ad83a66]" started-at="2023-06-27T22:44:05 CEST" name="setup" finished-at="2023-06-27T22:44:06 CEST" duration-ms="1107" status="PASS">
          <params>
            <param index="0">
              <value>
                <![CDATA[org.testng.TestRunner@28f7cca4]]>
              </value>
            </param>
            <param index="1">
              <value>
                <![CDATA[chrome]]>
              </value>
            </param>
          </params>
          <reporter-output>
          </reporter-output>
        </test-method> <!-- setup -->
        <test-method signature="TC_LF_006()[pri:0, instance:testCases.TS_002_Login_Functionality@3ad83a66]" started-at="2023-06-27T22:44:06 CEST" name="TC_LF_006" finished-at="2023-06-27T22:44:09 CEST" duration-ms="2403" status="PASS">
          <reporter-output>
          </reporter-output>
        </test-method> <!-- TC_LF_006 -->
        <test-method is-config="true" signature="check(org.testng.ITestResult)[pri:0, instance:testCases.TS_002_Login_Functionality@3ad83a66]" started-at="2023-06-27T22:44:09 CEST" name="check" finished-at="2023-06-27T22:44:09 CEST" duration-ms="0" status="PASS">
          <params>
            <param index="0">
              <value>
                <![CDATA[[TestResult name=TC_LF_006 status=SUCCESS method=TS_002_Login_Functionality.TC_LF_006()[pri:0, instance:testCases.TS_002_Login_Functionality@3ad83a66] output={null}]]]>
              </value>
            </param>
          </params>
          <reporter-output>
          </reporter-output>
        </test-method> <!-- check -->
        <test-method is-config="true" signature="tearDown()[pri:0, instance:testCases.TS_002_Login_Functionality@3ad83a66]" started-at="2023-06-27T22:44:09 CEST" name="tearDown" finished-at="2023-06-27T22:44:09 CEST" duration-ms="179" status="PASS">
          <reporter-output>
          </reporter-output>
        </test-method> <!-- tearDown -->
      </class> <!-- testCases.TS_002_Login_Functionality -->
    </test> <!-- TC_LF_006 -->
    <test started-at="2023-06-27T22:44:09 CEST" name="TC_LF_007" finished-at="2023-06-27T22:44:13 CEST" duration-ms="4282">
      <class name="testCases.TS_002_Login_Functionality">
        <test-method is-config="true" signature="initialiseExtentreports()[pri:0, instance:testCases.TS_002_Login_Functionality@5b38c1ec]" started-at="2023-06-27T22:42:48 CEST" name="initialiseExtentreports" finished-at="2023-06-27T22:42:50 CEST" duration-ms="1063" status="PASS">
          <reporter-output>
          </reporter-output>
        </test-method> <!-- initialiseExtentreports -->
        <test-method is-config="true" signature="setup(org.testng.ITestContext,java.lang.String)[pri:0, instance:testCases.TS_002_Login_Functionality@5b38c1ec]" started-at="2023-06-27T22:44:09 CEST" name="setup" finished-at="2023-06-27T22:44:10 CEST" duration-ms="1061" status="PASS">
          <params>
            <param index="0">
              <value>
                <![CDATA[org.testng.TestRunner@6015c745]]>
              </value>
            </param>
            <param index="1">
              <value>
                <![CDATA[chrome]]>
              </value>
            </param>
          </params>
          <reporter-output>
          </reporter-output>
        </test-method> <!-- setup -->
        <test-method signature="TC_LF_007()[pri:0, instance:testCases.TS_002_Login_Functionality@5b38c1ec]" started-at="2023-06-27T22:44:10 CEST" name="TC_LF_007" finished-at="2023-06-27T22:44:13 CEST" duration-ms="3031" status="PASS">
          <reporter-output>
          </reporter-output>
        </test-method> <!-- TC_LF_007 -->
        <test-method is-config="true" signature="check(org.testng.ITestResult)[pri:0, instance:testCases.TS_002_Login_Functionality@5b38c1ec]" started-at="2023-06-27T22:44:13 CEST" name="check" finished-at="2023-06-27T22:44:13 CEST" duration-ms="1" status="PASS">
          <params>
            <param index="0">
              <value>
                <![CDATA[[TestResult name=TC_LF_007 status=SUCCESS method=TS_002_Login_Functionality.TC_LF_007()[pri:0, instance:testCases.TS_002_Login_Functionality@5b38c1ec] output={null}]]]>
              </value>
            </param>
          </params>
          <reporter-output>
          </reporter-output>
        </test-method> <!-- check -->
        <test-method is-config="true" signature="tearDown()[pri:0, instance:testCases.TS_002_Login_Functionality@5b38c1ec]" started-at="2023-06-27T22:44:13 CEST" name="tearDown" finished-at="2023-06-27T22:44:13 CEST" duration-ms="187" status="PASS">
          <reporter-output>
          </reporter-output>
        </test-method> <!-- tearDown -->
        <test-method is-config="true" signature="generateExtentReports()[pri:0, instance:testCases.TS_002_Login_Functionality@5b38c1ec]" started-at="2023-06-27T22:44:13 CEST" name="generateExtentReports" finished-at="2023-06-27T22:44:14 CEST" duration-ms="356" status="PASS">
          <reporter-output>
          </reporter-output>
        </test-method> <!-- generateExtentReports -->
      </class> <!-- testCases.TS_002_Login_Functionality -->
    </test> <!-- TC_LF_007 -->
  </suite> <!-- NopCommerceV1 -->
</testng-results>
