<?xml version="1.0" encoding="UTF-8"?>
<testng-results ignored="4" total="8" passed="4" failed="0" skipped="0">
  <reporter-output>
  </reporter-output>
  <suite started-at="2023-04-01T18:16:50 CEST" name="NopCommerceV1" finished-at="2023-04-01T18:17:14 CEST" duration-ms="24182">
    <groups>
    </groups>
    <test started-at="2023-04-01T18:16:50 CEST" name="Test1" finished-at="2023-04-01T18:17:14 CEST" duration-ms="24182">
      <class name="testCases.LoginTest">
        <test-method signature="login(java.lang.String,java.lang.String)[pri:0, instance:testCases.LoginTest@4b29d1d2]" started-at="2023-04-01T18:17:06 CEST" name="login" data-provider="testdata" finished-at="2023-04-01T18:17:11 CEST" duration-ms="5140" status="PASS">
          <params>
            <param index="0">
              <value>
                <![CDATA[random1@gmail.com]]>
              </value>
            </param>
            <param index="1">
              <value>
                <![CDATA[random1]]>
              </value>
            </param>
          </params>
          <reporter-output>
          </reporter-output>
        </test-method> <!-- login -->
        <test-method signature="login(java.lang.String,java.lang.String)[pri:0, instance:testCases.LoginTest@4b29d1d2]" started-at="2023-04-01T18:17:11 CEST" name="login" data-provider="testdata" finished-at="2023-04-01T18:17:14 CEST" duration-ms="2464" status="PASS">
          <params>
            <param index="0">
              <value>
                <![CDATA[testemail@gmail.com]]>
              </value>
            </param>
            <param index="1">
              <value>
                <![CDATA[testemail]]>
              </value>
            </param>
          </params>
          <reporter-output>
          </reporter-output>
        </test-method> <!-- login -->
      </class> <!-- testCases.LoginTest -->
      <class name="testCases.RegisterTest">
        <test-method is-config="true" signature="initialiseExtentreports()[pri:0, instance:testCases.RegisterTest@350aac89]" started-at="2023-04-01T18:16:49 CEST" name="initialiseExtentreports" finished-at="2023-04-01T18:16:50 CEST" duration-ms="845" status="PASS">
          <reporter-output>
          </reporter-output>
        </test-method> <!-- initialiseExtentreports -->
        <test-method is-config="true" signature="setup(org.testng.ITestContext,java.lang.String)[pri:0, instance:testCases.RegisterTest@350aac89]" started-at="2023-04-01T18:16:50 CEST" name="setup" finished-at="2023-04-01T18:16:52 CEST" duration-ms="2323" status="PASS">
          <params>
            <param index="0">
              <value>
                <![CDATA[org.testng.TestRunner@bf4e48e]]>
              </value>
            </param>
            <param index="1">
              <value>
                <![CDATA[chrome]]>
              </value>
            </param>
          </params>
          <reporter-output>
          </reporter-output>
        </test-method> <!-- setup -->
        <test-method signature="register(java.lang.String,java.lang.String)[pri:0, instance:testCases.RegisterTest@350aac89]" started-at="2023-04-01T18:16:53 CEST" name="register" data-provider="testdata" finished-at="2023-04-01T18:17:01 CEST" duration-ms="7594" status="PASS">
          <params>
            <param index="0">
              <value>
                <![CDATA[testemail@gmail.com]]>
              </value>
            </param>
            <param index="1">
              <value>
                <![CDATA[testemail]]>
              </value>
            </param>
          </params>
          <reporter-output>
          </reporter-output>
        </test-method> <!-- register -->
        <test-method signature="register(java.lang.String,java.lang.String)[pri:0, instance:testCases.RegisterTest@350aac89]" started-at="2023-04-01T18:17:01 CEST" name="register" data-provider="testdata" finished-at="2023-04-01T18:17:06 CEST" duration-ms="5270" status="PASS">
          <params>
            <param index="0">
              <value>
                <![CDATA[testemail@gmail.com]]>
              </value>
            </param>
            <param index="1">
              <value>
                <![CDATA[testemail]]>
              </value>
            </param>
          </params>
          <reporter-output>
          </reporter-output>
        </test-method> <!-- register -->
        <test-method is-config="true" signature="tearDown()[pri:0, instance:testCases.RegisterTest@350aac89]" started-at="2023-04-01T18:17:14 CEST" name="tearDown" finished-at="2023-04-01T18:17:14 CEST" duration-ms="210" status="PASS">
          <reporter-output>
          </reporter-output>
        </test-method> <!-- tearDown -->
        <test-method is-config="true" signature="generateExtentReports()[pri:0, instance:testCases.RegisterTest@350aac89]" started-at="2023-04-01T18:17:14 CEST" name="generateExtentReports" finished-at="2023-04-01T18:17:14 CEST" duration-ms="376" status="PASS">
          <reporter-output>
          </reporter-output>
        </test-method> <!-- generateExtentReports -->
      </class> <!-- testCases.RegisterTest -->
    </test> <!-- Test1 -->
  </suite> <!-- NopCommerceV1 -->
</testng-results>
